Log file open, 02/03/23 19:01:11
LogWindows: Failed to load 'aqProf.dll' (GetLastError=126)
LogWindows: File 'aqProf.dll' does not exist
LogWindows: Failed to load 'VtuneApi.dll' (GetLastError=126)
LogWindows: File 'VtuneApi.dll' does not exist
LogWindows: Failed to load 'VtuneApi32e.dll' (GetLastError=126)
LogWindows: File 'VtuneApi32e.dll' does not exist
LogConsoleResponse: Display: Failed to find resolution value strings in scalability ini. Falling back to default.
LogConsoleResponse: Display: Failed to find resolution value strings in scalability ini. Falling back to default.
LogInit: Display: Running engine for game: GrootLabirint
LogPlatformFile: Not using cached read wrapper
LogTaskGraph: Started task graph with 5 named threads and 35 total threads with 3 sets of task threads.
LogStats: Stats thread started at 0.195906
LogICUInternationalization: ICU TimeZone Detection - Raw Offset: +4:00, Platform Override: ''
LogInit: Display: Loading text-based GConfig....
LogPluginManager: Mounting plugin MeshPainting
LogPluginManager: Mounting plugin XGEController
LogPluginManager: Mounting plugin Paper2D
LogPluginManager: Mounting plugin AISupport
LogPluginManager: Mounting plugin EnvironmentQueryEditor
LogPluginManager: Mounting plugin LiveLink
LogPluginManager: Mounting plugin CameraShakePreviewer
LogPluginManager: Mounting plugin LightPropagationVolume
LogPluginManager: Mounting plugin GameplayCameras
LogPluginManager: Mounting plugin CLionSourceCodeAccess
LogPluginManager: Mounting plugin AnimationSharing
LogPluginManager: Mounting plugin CodeLiteSourceCodeAccess
LogPluginManager: Mounting plugin GitSourceControl
LogPluginManager: Mounting plugin NullSourceCodeAccess
LogPluginManager: Mounting plugin KDevelopSourceCodeAccess
LogPluginManager: Mounting plugin PerforceSourceControl
LogPluginManager: Mounting plugin PixWinPlugin
LogPluginManager: Mounting plugin PlasticSourceControl
LogPluginManager: Mounting plugin PluginUtils
LogPluginManager: Mounting plugin OodleData
LogPluginManager: Mounting plugin PropertyAccessNode
LogPluginManager: Mounting plugin TextureFormatOodle
LogPluginManager: Mounting plugin SubversionSourceControl
LogPluginManager: Mounting plugin UObjectPlugin
LogPluginManager: Mounting plugin RiderSourceCodeAccess
LogPluginManager: Mounting plugin VisualStudioSourceCodeAccess
LogPluginManager: Mounting plugin XCodeSourceCodeAccess
LogPluginManager: Mounting plugin VisualStudioCodeSourceCodeAccess
LogPluginManager: Mounting plugin AssetManagerEditor
LogPluginManager: Mounting plugin CryptoKeys
LogPluginManager: Mounting plugin CurveEditorTools
LogPluginManager: Mounting plugin DataValidation
LogPluginManager: Mounting plugin GameplayTagsEditor
LogPluginManager: Mounting plugin FacialAnimation
LogPluginManager: Mounting plugin GeometryMode
LogPluginManager: Mounting plugin MacGraphicsSwitching
LogPluginManager: Mounting plugin DatasmithContent
LogPluginManager: Mounting plugin MaterialAnalyzer
LogPluginManager: Mounting plugin PluginBrowser
LogPluginManager: Mounting plugin MobileLauncherProfileWizard
LogPluginManager: Mounting plugin SpeedTreeImporter
LogPluginManager: Mounting plugin VariantManagerContent
LogPluginManager: Mounting plugin OodleNetwork
LogPluginManager: Mounting plugin AlembicImporter
LogPluginManager: Mounting plugin AutomationUtils
LogPluginManager: Mounting plugin BackChannel
LogPluginManager: Mounting plugin ChaosCloth
LogPluginManager: Mounting plugin ChaosClothEditor
LogPluginManager: Mounting plugin ChaosEditor
LogPluginManager: Mounting plugin ChaosSolverPlugin
LogPluginManager: Mounting plugin ChaosNiagara
LogPluginManager: Mounting plugin CharacterAI
LogPluginManager: Mounting plugin GeometryCache
LogPluginManager: Mounting plugin GeometryCollectionPlugin
LogPluginManager: Mounting plugin GeometryProcessing
LogPluginManager: Mounting plugin Niagara
LogPluginManager: Mounting plugin MotoSynth
LogPluginManager: Mounting plugin OpenImageDenoise
LogPluginManager: Mounting plugin PlanarCut
LogPluginManager: Mounting plugin PlatformCrypto
LogPluginManager: Mounting plugin PythonScriptPlugin
LogPluginManager: Mounting plugin ProxyLODPlugin
LogPluginManager: Mounting plugin MagicLeap
LogPluginManager: Mounting plugin LuminPlatformFeatures
LogPluginManager: Mounting plugin MagicLeapLightEstimation
LogPluginManager: Mounting plugin MagicLeapMedia
LogPluginManager: Mounting plugin MagicLeapPassableWorld
LogPluginManager: Mounting plugin SkeletalReduction
LogPluginManager: Mounting plugin MLSDK
LogPluginManager: Mounting plugin AndroidMedia
LogPluginManager: Mounting plugin AvfMedia
LogPluginManager: Mounting plugin ImgMedia
LogPluginManager: Mounting plugin MediaCompositing
LogPluginManager: Mounting plugin MediaPlayerEditor
LogPluginManager: Mounting plugin WebMMedia
LogPluginManager: Mounting plugin WmfMedia
LogPluginManager: Mounting plugin TcpMessaging
LogPluginManager: Mounting plugin ActorSequence
LogPluginManager: Mounting plugin UdpMessaging
LogPluginManager: Mounting plugin MatineeToLevelSequence
LogPluginManager: Mounting plugin LevelSequenceEditor
LogPluginManager: Mounting plugin TemplateSequence
LogPluginManager: Mounting plugin LauncherChunkInstaller
LogPluginManager: Mounting plugin OnlineSubsystem
LogPluginManager: Mounting plugin ActorLayerUtilities
LogPluginManager: Mounting plugin OnlineSubsystemNull
LogPluginManager: Mounting plugin AndroidDeviceProfileSelector
LogPluginManager: Mounting plugin AndroidPermission
LogPluginManager: Mounting plugin AndroidMoviePlayer
LogPluginManager: Mounting plugin OnlineSubsystemUtils
LogPluginManager: Mounting plugin AppleImageUtils
LogPluginManager: Mounting plugin AppleMoviePlayer
LogPluginManager: Mounting plugin ArchVisCharacter
LogPluginManager: Mounting plugin AssetTags
LogPluginManager: Mounting plugin AudioCapture
LogPluginManager: Mounting plugin CableComponent
LogPluginManager: Mounting plugin CustomMeshComponent
LogPluginManager: Mounting plugin AudioSynesthesia
LogPluginManager: Mounting plugin ChunkDownloader
LogPluginManager: Mounting plugin EditableMesh
LogPluginManager: Mounting plugin ExampleDeviceProfileSelector
LogPluginManager: Mounting plugin ScreenshotTools
LogPluginManager: Mounting plugin GoogleCloudMessaging
LogPluginManager: Mounting plugin GooglePAD
LogPluginManager: Mounting plugin IOSDeviceProfileSelector
LogPluginManager: Mounting plugin LinuxDeviceProfileSelector
LogPluginManager: Mounting plugin LocationServicesBPLibrary
LogPluginManager: Mounting plugin MobilePatchingUtils
LogPluginManager: Mounting plugin OpenXREyeTracker
LogPluginManager: Mounting plugin OpenXR
LogPluginManager: Mounting plugin Takes
LogPluginManager: Mounting plugin OpenXRHandTracking
LogPluginManager: Mounting plugin PhysXVehicles
LogPluginManager: Mounting plugin PostSplashScreen
LogPluginManager: Mounting plugin ProceduralMeshComponent
LogPluginManager: Mounting plugin PropertyAccessEditor
LogPluginManager: Mounting plugin RuntimePhysXCooking
LogPluginManager: Mounting plugin SignificanceManager
LogPluginManager: Mounting plugin SoundFields
LogPluginManager: Mounting plugin Synthesis
LogPluginManager: Mounting plugin WebMMoviePlayer
LogPluginManager: Mounting plugin WindowsMoviePlayer
LogPluginManager: Mounting plugin ContentBrowserClassDataSource
LogPluginManager: Mounting plugin ContentBrowserFileDataSource
LogPluginManager: Mounting plugin ContentBrowserAssetDataSource
LogPluginManager: Mounting plugin OnlineSubsystemGooglePlay
LogPluginManager: Mounting plugin OnlineSubsystemIOS
LogPluginManager: Mounting plugin OculusVR
LogPluginManager: Mounting plugin SteamVR
PixWinPlugin: PIX capture plugin failed to initialize! Check that the process is launched from PIX.
LogLuminAPIImpl: Warning: MLSDK not found.  This likely means the MLSDK environment variable is not set.
LogInit: Using libcurl 7.55.1-DEV
LogInit:  - built for x86_64-pc-win32
LogInit:  - supports SSL with OpenSSL/1.1.1
LogInit:  - supports HTTP deflate (compression) using libz 1.2.8
LogInit:  - other features:
LogInit:      CURL_VERSION_SSL
LogInit:      CURL_VERSION_LIBZ
LogInit:      CURL_VERSION_IPV6
LogInit:      CURL_VERSION_ASYNCHDNS
LogInit:      CURL_VERSION_LARGEFILE
LogInit:      CURL_VERSION_IDN
LogInit:  CurlRequestOptions (configurable via config and command line):
LogInit:  - bVerifyPeer = true  - Libcurl will verify peer certificate
LogInit:  - bUseHttpProxy = false  - Libcurl will NOT use HTTP proxy
LogInit:  - bDontReuseConnections = false  - Libcurl will reuse connections
LogInit:  - MaxHostConnections = 16  - Libcurl will limit the number of connections to a host
LogInit:  - LocalHostAddr = Default
LogInit:  - BufferSize = 65536
LogOnline: OSS: Creating online subsystem instance for: NULL
LogInit: WinSock: version 1.1 (2.2), MaxSocks=32767, MaxUdp=65467
LogOnline: OSS: TryLoadSubsystemAndSetDefault: Loaded subsystem for module [NULL]
LogOculusPluginWrapper: OculusPlugin initialized successfully
LogHMD: Failed initializing OVRPlugin 1.59.0
LogInit: Build: ++UE4+Release-4.27-CL-18319896
LogInit: Engine Version: 4.27.2-18319896+++UE4+Release-4.27
LogInit: Compatible Engine Version: 4.27.0-17155196+++UE4+Release-4.27
LogInit: Net CL: 17155196
LogInit: OS: Windows 10 (Release 2009) (), CPU: Intel(R) Core(TM) i5-10500H CPU @ 2.50GHz, GPU: Intel(R) UHD Graphics
LogInit: Compiled (64-bit): Nov 30 2021 07:12:08
LogInit: Compiled with Visual C++: 19.24.28315.00
LogInit: Build Configuration: Development
LogInit: Branch Name: ++UE4+Release-4.27
LogInit: Command Line: 
LogInit: Base Directory: C:/Program Files/Epic Games/UE_4.27/Engine/Binaries/Win64/
LogInit: Allocator: TBB
LogInit: Installed Engine Build: 1
LogDevObjectVersion: Number of dev versions registered: 29
LogDevObjectVersion:   Dev-Blueprints (B0D832E4-1F89-4F0D-ACCF-7EB736FD4AA2): 10
LogDevObjectVersion:   Dev-Build (E1C64328-A22C-4D53-A36C-8E866417BD8C): 0
LogDevObjectVersion:   Dev-Core (375EC13C-06E4-48FB-B500-84F0262A717E): 4
LogDevObjectVersion:   Dev-Editor (E4B068ED-F494-42E9-A231-DA0B2E46BB41): 40
LogDevObjectVersion:   Dev-Framework (CFFC743F-43B0-4480-9391-14DF171D2073): 37
LogDevObjectVersion:   Dev-Mobile (B02B49B5-BB20-44E9-A304-32B752E40360): 3
LogDevObjectVersion:   Dev-Networking (A4E4105C-59A1-49B5-A7C5-40C4547EDFEE): 0
LogDevObjectVersion:   Dev-Online (39C831C9-5AE6-47DC-9A44-9C173E1C8E7C): 0
LogDevObjectVersion:   Dev-Physics (78F01B33-EBEA-4F98-B9B4-84EACCB95AA2): 14
LogDevObjectVersion:   Dev-Platform (6631380F-2D4D-43E0-8009-CF276956A95A): 0
LogDevObjectVersion:   Dev-Rendering (12F88B9F-8875-4AFC-A67C-D90C383ABD29): 45
LogDevObjectVersion:   Dev-Sequencer (7B5AE74C-D270-4C10-A958-57980B212A5A): 13
LogDevObjectVersion:   Dev-VR (D7296918-1DD6-4BDD-9DE2-64A83CC13884): 3
LogDevObjectVersion:   Dev-LoadTimes (C2A15278-BFE7-4AFE-6C17-90FF531DF755): 1
LogDevObjectVersion:   Private-Geometry (6EACA3D4-40EC-4CC1-B786-8BED09428FC5): 3
LogDevObjectVersion:   Dev-AnimPhys (29E575DD-E0A3-4627-9D10-D276232CDCEA): 17
LogDevObjectVersion:   Dev-Anim (AF43A65D-7FD3-4947-9873-3E8ED9C1BB05): 15
LogDevObjectVersion:   Dev-ReflectionCapture (6B266CEC-1EC7-4B8F-A30B-E4D90942FC07): 1
LogDevObjectVersion:   Dev-Automation (0DF73D61-A23F-47EA-B727-89E90C41499A): 1
LogDevObjectVersion:   FortniteMain (601D1886-AC64-4F84-AA16-D3DE0DEAC7D6): 47
LogDevObjectVersion:   FortniteRelease (E7086368-6B23-4C58-8439-1B7016265E91): 1
LogDevObjectVersion:   Dev-Enterprise (9DFFBCD6-494F-0158-E221-12823C92A888): 10
LogDevObjectVersion:   Dev-Niagara (F2AED0AC-9AFE-416F-8664-AA7FFA26D6FC): 1
LogDevObjectVersion:   Dev-Destruction (174F1F0B-B4C6-45A5-B13F-2EE8D0FB917D): 10
LogDevObjectVersion:   Dev-Physics-Ext (35F94A83-E258-406C-A318-09F59610247C): 41
LogDevObjectVersion:   Dev-PhysicsMaterial-Chaos (B68FC16E-8B1B-42E2-B453-215C058844FE): 1
LogDevObjectVersion:   Dev-CineCamera (B2E18506-4273-CFC2-A54E-F4BB758BBA07): 1
LogDevObjectVersion:   Dev-VirtualProduction (64F58936-FD1B-42BA-BA96-7289D5D0FA4E): 1
LogDevObjectVersion:   Dev-MediaFramework (6F0ED827-A609-4895-9C91-998D90180EA4): 2
LogInit: Presizing for max 25165824 objects, including 0 objects not considered by GC, pre-allocating 0 bytes for permanent pool.
LogConfig: Applying CVar settings from Section [/Script/Engine.StreamingSettings] File [C:/UnrealEngine/GrootLabirinGameJam/GrootLabirint/Saved/Config/Windows/Engine.ini]
LogConfig: Setting CVar [[s.MinBulkDataSizeForAsyncLoading:131072]]
LogConfig: Setting CVar [[s.AsyncLoadingThreadEnabled:0]]
LogConfig: Setting CVar [[s.EventDrivenLoaderEnabled:1]]
LogConfig: Setting CVar [[s.WarnIfTimeLimitExceeded:0]]
LogConfig: Setting CVar [[s.TimeLimitExceededMultiplier:1.5]]
LogConfig: Setting CVar [[s.TimeLimitExceededMinTime:0.005]]
LogConfig: Setting CVar [[s.UseBackgroundLevelStreaming:1]]
LogConfig: Setting CVar [[s.PriorityAsyncLoadingExtraTime:15.0]]
LogConfig: Setting CVar [[s.LevelStreamingActorsUpdateTimeLimit:5.0]]
LogConfig: Setting CVar [[s.PriorityLevelStreamingActorsUpdateExtraTime:5.0]]
LogConfig: Setting CVar [[s.LevelStreamingComponentsRegistrationGranularity:10]]
LogConfig: Setting CVar [[s.UnregisterComponentsTimeLimit:1.0]]
LogConfig: Setting CVar [[s.LevelStreamingComponentsUnregistrationGranularity:5]]
LogConfig: Setting CVar [[s.FlushStreamingOnExit:1]]
LogInit: Object subsystem initialized
LogConfig: Setting CVar [[con.DebugEarlyDefault:1]]
LogConfig: Setting CVar [[r.setres:1280x720]]
[2023.02.03-15.01.12:400][  0]LogConfig: Setting CVar [[r.VSync:0]]
[2023.02.03-15.01.12:400][  0]LogConfig: Setting CVar [[r.RHICmdBypass:0]]
[2023.02.03-15.01.12:400][  0]LogConfig: Applying CVar settings from Section [/Script/Engine.RendererSettings] File [C:/UnrealEngine/GrootLabirinGameJam/GrootLabirint/Saved/Config/Windows/Engine.ini]
[2023.02.03-15.01.12:400][  0]LogConfig: Setting CVar [[r.GPUCrashDebugging:0]]
[2023.02.03-15.01.12:400][  0]LogConfig: Applying CVar settings from Section [/Script/Engine.RendererOverrideSettings] File [C:/UnrealEngine/GrootLabirinGameJam/GrootLabirint/Saved/Config/Windows/Engine.ini]
[2023.02.03-15.01.12:400][  0]LogConfig: Applying CVar settings from Section [/Script/Engine.StreamingSettings] File [C:/UnrealEngine/GrootLabirinGameJam/GrootLabirint/Saved/Config/Windows/Engine.ini]
[2023.02.03-15.01.12:400][  0]LogConfig: Setting CVar [[s.MinBulkDataSizeForAsyncLoading:131072]]
[2023.02.03-15.01.12:400][  0]LogConfig: Setting CVar [[s.AsyncLoadingThreadEnabled:0]]
[2023.02.03-15.01.12:400][  0]LogConfig: Setting CVar [[s.EventDrivenLoaderEnabled:1]]
[2023.02.03-15.01.12:400][  0]LogConfig: Setting CVar [[s.WarnIfTimeLimitExceeded:0]]
[2023.02.03-15.01.12:400][  0]LogConfig: Setting CVar [[s.TimeLimitExceededMultiplier:1.5]]
[2023.02.03-15.01.12:400][  0]LogConfig: Setting CVar [[s.TimeLimitExceededMinTime:0.005]]
[2023.02.03-15.01.12:400][  0]LogConfig: Setting CVar [[s.UseBackgroundLevelStreaming:1]]
[2023.02.03-15.01.12:400][  0]LogConfig: Setting CVar [[s.PriorityAsyncLoadingExtraTime:15.0]]
[2023.02.03-15.01.12:400][  0]LogConfig: Setting CVar [[s.LevelStreamingActorsUpdateTimeLimit:5.0]]
[2023.02.03-15.01.12:400][  0]LogConfig: Setting CVar [[s.PriorityLevelStreamingActorsUpdateExtraTime:5.0]]
[2023.02.03-15.01.12:400][  0]LogConfig: Setting CVar [[s.LevelStreamingComponentsRegistrationGranularity:10]]
[2023.02.03-15.01.12:400][  0]LogConfig: Setting CVar [[s.UnregisterComponentsTimeLimit:1.0]]
[2023.02.03-15.01.12:400][  0]LogConfig: Setting CVar [[s.LevelStreamingComponentsUnregistrationGranularity:5]]
[2023.02.03-15.01.12:400][  0]LogConfig: Setting CVar [[s.FlushStreamingOnExit:1]]
[2023.02.03-15.01.12:400][  0]LogConfig: Applying CVar settings from Section [/Script/Engine.GarbageCollectionSettings] File [C:/UnrealEngine/GrootLabirinGameJam/GrootLabirint/Saved/Config/Windows/Engine.ini]
[2023.02.03-15.01.12:400][  0]LogConfig: Setting CVar [[gc.MaxObjectsNotConsideredByGC:1]]
[2023.02.03-15.01.12:400][  0]LogConfig: Setting CVar [[gc.SizeOfPermanentObjectPool:0]]
[2023.02.03-15.01.12:400][  0]LogConfig: Setting CVar [[gc.FlushStreamingOnGC:0]]
[2023.02.03-15.01.12:400][  0]LogConfig: Setting CVar [[gc.NumRetriesBeforeForcingGC:10]]
[2023.02.03-15.01.12:400][  0]LogConfig: Setting CVar [[gc.AllowParallelGC:1]]
[2023.02.03-15.01.12:400][  0]LogConfig: Setting CVar [[gc.TimeBetweenPurgingPendingKillObjects:61.1]]
[2023.02.03-15.01.12:400][  0]LogConfig: Setting CVar [[gc.MaxObjectsInEditor:25165824]]
[2023.02.03-15.01.12:400][  0]LogConfig: Setting CVar [[gc.IncrementalBeginDestroyEnabled:1]]
[2023.02.03-15.01.12:400][  0]LogConfig: Setting CVar [[gc.CreateGCClusters:1]]
[2023.02.03-15.01.12:400][  0]LogConfig: Setting CVar [[gc.MinGCClusterSize:5]]
[2023.02.03-15.01.12:400][  0]LogConfig: Setting CVar [[gc.ActorClusteringEnabled:0]]
[2023.02.03-15.01.12:400][  0]LogConfig: Setting CVar [[gc.BlueprintClusteringEnabled:0]]
[2023.02.03-15.01.12:400][  0]LogConfig: Setting CVar [[gc.UseDisregardForGCOnDedicatedServers:0]]
[2023.02.03-15.01.12:400][  0]LogConfig: Setting CVar [[gc.MultithreadedDestructionEnabled:1]]
[2023.02.03-15.01.12:400][  0]LogConfig: Applying CVar settings from Section [/Script/Engine.NetworkSettings] File [C:/UnrealEngine/GrootLabirinGameJam/GrootLabirint/Saved/Config/Windows/Engine.ini]
[2023.02.03-15.01.12:400][  0]LogConfig: Applying CVar settings from Section [/Script/UnrealEd.CookerSettings] File [C:/UnrealEngine/GrootLabirinGameJam/GrootLabirint/Saved/Config/Windows/Engine.ini]
[2023.02.03-15.01.12:405][  0]LogConfig: Applying CVar settings from Section [ViewDistanceQuality@3] File [C:/UnrealEngine/GrootLabirinGameJam/GrootLabirint/Saved/Config/Windows/Scalability.ini]
[2023.02.03-15.01.12:405][  0]LogConfig: Setting CVar [[r.SkeletalMeshLODBias:0]]
[2023.02.03-15.01.12:405][  0]LogConfig: Setting CVar [[r.ViewDistanceScale:1.0]]
[2023.02.03-15.01.12:405][  0]LogConfig: Applying CVar settings from Section [AntiAliasingQuality@3] File [C:/UnrealEngine/GrootLabirinGameJam/GrootLabirint/Saved/Config/Windows/Scalability.ini]
[2023.02.03-15.01.12:405][  0]LogConfig: Setting CVar [[r.PostProcessAAQuality:4]]
[2023.02.03-15.01.12:405][  0]LogConfig: Applying CVar settings from Section [ShadowQuality@3] File [C:/UnrealEngine/GrootLabirinGameJam/GrootLabirint/Saved/Config/Windows/Scalability.ini]
[2023.02.03-15.01.12:405][  0]LogConfig: Setting CVar [[r.LightFunctionQuality:1]]
[2023.02.03-15.01.12:405][  0]LogConfig: Setting CVar [[r.ShadowQuality:5]]
[2023.02.03-15.01.12:405][  0]LogConfig: Setting CVar [[r.Shadow.CSM.MaxCascades:10]]
[2023.02.03-15.01.12:405][  0]LogConfig: Setting CVar [[r.Shadow.MaxResolution:2048]]
[2023.02.03-15.01.12:405][  0]LogConfig: Setting CVar [[r.Shadow.MaxCSMResolution:2048]]
[2023.02.03-15.01.12:405][  0]LogConfig: Setting CVar [[r.Shadow.RadiusThreshold:0.01]]
[2023.02.03-15.01.12:405][  0]LogConfig: Setting CVar [[r.Shadow.DistanceScale:1.0]]
[2023.02.03-15.01.12:405][  0]LogConfig: Setting CVar [[r.Shadow.CSM.TransitionScale:1.0]]
[2023.02.03-15.01.12:405][  0]LogConfig: Setting CVar [[r.Shadow.PreShadowResolutionFactor:1.0]]
[2023.02.03-15.01.12:405][  0]LogConfig: Setting CVar [[r.DistanceFieldShadowing:1]]
[2023.02.03-15.01.12:405][  0]LogConfig: Setting CVar [[r.DistanceFieldAO:1]]
[2023.02.03-15.01.12:405][  0]LogConfig: Setting CVar [[r.AOQuality:2]]
[2023.02.03-15.01.12:405][  0]LogConfig: Setting CVar [[r.VolumetricFog:1]]
[2023.02.03-15.01.12:405][  0]LogConfig: Setting CVar [[r.VolumetricFog.GridPixelSize:8]]
[2023.02.03-15.01.12:405][  0]LogConfig: Setting CVar [[r.VolumetricFog.GridSizeZ:128]]
[2023.02.03-15.01.12:405][  0]LogConfig: Setting CVar [[r.VolumetricFog.HistoryMissSupersampleCount:4]]
[2023.02.03-15.01.12:405][  0]LogConfig: Setting CVar [[r.LightMaxDrawDistanceScale:1]]
[2023.02.03-15.01.12:405][  0]LogConfig: Setting CVar [[r.CapsuleShadows:1]]
[2023.02.03-15.01.12:405][  0]LogConfig: Applying CVar settings from Section [PostProcessQuality@3] File [C:/UnrealEngine/GrootLabirinGameJam/GrootLabirint/Saved/Config/Windows/Scalability.ini]
[2023.02.03-15.01.12:405][  0]LogConfig: Setting CVar [[r.MotionBlurQuality:4]]
[2023.02.03-15.01.12:405][  0]LogConfig: Setting CVar [[r.AmbientOcclusionMipLevelFactor:0.4]]
[2023.02.03-15.01.12:406][  0]LogConfig: Setting CVar [[r.AmbientOcclusionMaxQuality:100]]
[2023.02.03-15.01.12:406][  0]LogConfig: Setting CVar [[r.AmbientOcclusionLevels:-1]]
[2023.02.03-15.01.12:406][  0]LogConfig: Setting CVar [[r.AmbientOcclusionRadiusScale:1.0]]
[2023.02.03-15.01.12:406][  0]LogConfig: Setting CVar [[r.DepthOfFieldQuality:2]]
[2023.02.03-15.01.12:406][  0]LogConfig: Setting CVar [[r.RenderTargetPoolMin:400]]
[2023.02.03-15.01.12:406][  0]LogConfig: Setting CVar [[r.LensFlareQuality:2]]
[2023.02.03-15.01.12:406][  0]LogConfig: Setting CVar [[r.SceneColorFringeQuality:1]]
[2023.02.03-15.01.12:406][  0]LogConfig: Setting CVar [[r.EyeAdaptationQuality:2]]
[2023.02.03-15.01.12:406][  0]LogConfig: Setting CVar [[r.BloomQuality:5]]
[2023.02.03-15.01.12:406][  0]LogConfig: Setting CVar [[r.FastBlurThreshold:100]]
[2023.02.03-15.01.12:406][  0]LogConfig: Setting CVar [[r.Upscale.Quality:3]]
[2023.02.03-15.01.12:406][  0]LogConfig: Setting CVar [[r.Tonemapper.GrainQuantization:1]]
[2023.02.03-15.01.12:406][  0]LogConfig: Setting CVar [[r.LightShaftQuality:1]]
[2023.02.03-15.01.12:406][  0]LogConfig: Setting CVar [[r.Filter.SizeScale:1]]
[2023.02.03-15.01.12:406][  0]LogConfig: Setting CVar [[r.Tonemapper.Quality:5]]
[2023.02.03-15.01.12:406][  0]LogConfig: Setting CVar [[r.DOF.Gather.AccumulatorQuality:1        ; higher gathering accumulator quality]]
[2023.02.03-15.01.12:406][  0]LogConfig: Setting CVar [[r.DOF.Gather.PostfilterMethod:1          ; Median3x3 postfilering method]]
[2023.02.03-15.01.12:406][  0]LogConfig: Setting CVar [[r.DOF.Gather.EnableBokehSettings:0       ; no bokeh simulation when gathering]]
[2023.02.03-15.01.12:406][  0]LogConfig: Setting CVar [[r.DOF.Gather.RingCount:4                 ; medium number of samples when gathering]]
[2023.02.03-15.01.12:406][  0]LogConfig: Setting CVar [[r.DOF.Scatter.ForegroundCompositing:1    ; additive foreground scattering]]
[2023.02.03-15.01.12:406][  0]LogConfig: Setting CVar [[r.DOF.Scatter.BackgroundCompositing:2    ; additive background scattering]]
[2023.02.03-15.01.12:406][  0]LogConfig: Setting CVar [[r.DOF.Scatter.EnableBokehSettings:1      ; bokeh simulation when scattering]]
[2023.02.03-15.01.12:406][  0]LogConfig: Setting CVar [[r.DOF.Scatter.MaxSpriteRatio:0.1         ; only a maximum of 10% of scattered bokeh]]
[2023.02.03-15.01.12:406][  0]LogConfig: Setting CVar [[r.DOF.Recombine.Quality:1                ; cheap slight out of focus]]
[2023.02.03-15.01.12:406][  0]LogConfig: Setting CVar [[r.DOF.Recombine.EnableBokehSettings:0    ; no bokeh simulation on slight out of focus]]
[2023.02.03-15.01.12:406][  0]LogConfig: Setting CVar [[r.DOF.TemporalAAQuality:1                ; more stable temporal accumulation]]
[2023.02.03-15.01.12:406][  0]LogConfig: Setting CVar [[r.DOF.Kernel.MaxForegroundRadius:0.025]]
[2023.02.03-15.01.12:406][  0]LogConfig: Setting CVar [[r.DOF.Kernel.MaxBackgroundRadius:0.025]]
[2023.02.03-15.01.12:406][  0]LogConfig: Applying CVar settings from Section [TextureQuality@3] File [C:/UnrealEngine/GrootLabirinGameJam/GrootLabirint/Saved/Config/Windows/Scalability.ini]
[2023.02.03-15.01.12:406][  0]LogConfig: Setting CVar [[r.Streaming.MipBias:0]]
[2023.02.03-15.01.12:406][  0]LogConfig: Setting CVar [[r.Streaming.AmortizeCPUToGPUCopy:0]]
[2023.02.03-15.01.12:406][  0]LogConfig: Setting CVar [[r.Streaming.MaxNumTexturesToStreamPerFrame:0]]
[2023.02.03-15.01.12:406][  0]LogConfig: Setting CVar [[r.Streaming.Boost:1]]
[2023.02.03-15.01.12:406][  0]LogConfig: Setting CVar [[r.MaxAnisotropy:8]]
[2023.02.03-15.01.12:406][  0]LogConfig: Setting CVar [[r.VT.MaxAnisotropy:8]]
[2023.02.03-15.01.12:406][  0]LogConfig: Setting CVar [[r.Streaming.LimitPoolSizeToVRAM:0]]
[2023.02.03-15.01.12:406][  0]LogConfig: Setting CVar [[r.Streaming.PoolSize:1000]]
[2023.02.03-15.01.12:406][  0]LogConfig: Setting CVar [[r.Streaming.MaxEffectiveScreenSize:0]]
[2023.02.03-15.01.12:406][  0]LogConfig: Applying CVar settings from Section [EffectsQuality@3] File [C:/UnrealEngine/GrootLabirinGameJam/GrootLabirint/Saved/Config/Windows/Scalability.ini]
[2023.02.03-15.01.12:406][  0]LogConfig: Setting CVar [[r.TranslucencyLightingVolumeDim:64]]
[2023.02.03-15.01.12:406][  0]LogConfig: Setting CVar [[r.RefractionQuality:2]]
[2023.02.03-15.01.12:406][  0]LogConfig: Setting CVar [[r.SSR.Quality:3]]
[2023.02.03-15.01.12:406][  0]LogConfig: Setting CVar [[r.SSR.HalfResSceneColor:0]]
[2023.02.03-15.01.12:406][  0]LogConfig: Setting CVar [[r.SceneColorFormat:4]]
[2023.02.03-15.01.12:406][  0]LogConfig: Setting CVar [[r.DetailMode:2]]
[2023.02.03-15.01.12:406][  0]LogConfig: Setting CVar [[r.TranslucencyVolumeBlur:1]]
[2023.02.03-15.01.12:406][  0]LogConfig: Setting CVar [[r.MaterialQualityLevel:1 ; High quality]]
[2023.02.03-15.01.12:406][  0]LogConfig: Setting CVar [[r.AnisotropicMaterials:1]]
[2023.02.03-15.01.12:406][  0]LogConfig: Setting CVar [[r.SSS.Scale:1]]
[2023.02.03-15.01.12:406][  0]LogConfig: Setting CVar [[r.SSS.SampleSet:2]]
[2023.02.03-15.01.12:406][  0]LogConfig: Setting CVar [[r.SSS.Quality:1]]
[2023.02.03-15.01.12:406][  0]LogConfig: Setting CVar [[r.SSS.HalfRes:0]]
[2023.02.03-15.01.12:406][  0]LogConfig: Setting CVar [[r.SSGI.Quality:3]]
[2023.02.03-15.01.12:406][  0]LogConfig: Setting CVar [[r.EmitterSpawnRateScale:1.0]]
[2023.02.03-15.01.12:406][  0]LogConfig: Setting CVar [[r.ParticleLightQuality:2]]
[2023.02.03-15.01.12:406][  0]LogConfig: Setting CVar [[r.SkyAtmosphere.AerialPerspectiveLUT.FastApplyOnOpaque:1 ; Always have FastSkyLUT 1 in this case to avoid wrong sky]]
[2023.02.03-15.01.12:406][  0]LogConfig: Setting CVar [[r.SkyAtmosphere.AerialPerspectiveLUT.SampleCountMaxPerSlice:4]]
[2023.02.03-15.01.12:406][  0]LogConfig: Setting CVar [[r.SkyAtmosphere.AerialPerspectiveLUT.DepthResolution:16.0]]
[2023.02.03-15.01.12:406][  0]LogConfig: Setting CVar [[r.SkyAtmosphere.FastSkyLUT:1]]
[2023.02.03-15.01.12:406][  0]LogConfig: Setting CVar [[r.SkyAtmosphere.FastSkyLUT.SampleCountMin:4.0]]
[2023.02.03-15.01.12:406][  0]LogConfig: Setting CVar [[r.SkyAtmosphere.FastSkyLUT.SampleCountMax:128.0]]
[2023.02.03-15.01.12:406][  0]LogConfig: Setting CVar [[r.SkyAtmosphere.SampleCountMin:4.0]]
[2023.02.03-15.01.12:406][  0]LogConfig: Setting CVar [[r.SkyAtmosphere.SampleCountMax:128.0]]
[2023.02.03-15.01.12:406][  0]LogConfig: Setting CVar [[r.SkyAtmosphere.TransmittanceLUT.UseSmallFormat:0]]
[2023.02.03-15.01.12:406][  0]LogConfig: Setting CVar [[r.SkyAtmosphere.TransmittanceLUT.SampleCount:10.0]]
[2023.02.03-15.01.12:406][  0]LogConfig: Setting CVar [[r.SkyAtmosphere.MultiScatteringLUT.SampleCount:15.0]]
[2023.02.03-15.01.12:406][  0]LogConfig: Setting CVar [[r.SkyLight.RealTimeReflectionCapture:1]]
[2023.02.03-15.01.12:406][  0]LogConfig: Applying CVar settings from Section [FoliageQuality@3] File [C:/UnrealEngine/GrootLabirinGameJam/GrootLabirint/Saved/Config/Windows/Scalability.ini]
[2023.02.03-15.01.12:406][  0]LogConfig: Setting CVar [[foliage.DensityScale:1.0]]
[2023.02.03-15.01.12:406][  0]LogConfig: Setting CVar [[grass.DensityScale:1.0]]
[2023.02.03-15.01.12:406][  0]LogConfig: Applying CVar settings from Section [ShadingQuality@3] File [C:/UnrealEngine/GrootLabirinGameJam/GrootLabirint/Saved/Config/Windows/Scalability.ini]
[2023.02.03-15.01.12:406][  0]LogConfig: Setting CVar [[r.HairStrands.SkyLighting.IntegrationType:2]]
[2023.02.03-15.01.12:406][  0]LogConfig: Setting CVar [[r.HairStrands.SkyAO.SampleCount:4]]
[2023.02.03-15.01.12:406][  0]LogConfig: Setting CVar [[r.HairStrands.Visibility.MSAA.SamplePerPixel:4]]
[2023.02.03-15.01.12:406][  0]LogInit: Selected Device Profile: [Windows]
[2023.02.03-15.01.12:406][  0]LogInit: Applying CVar settings loaded from the selected device profile: [Windows]
[2023.02.03-15.01.12:406][  0]LogHAL: Display: Platform has ~ 16 GB [17041244160 / 17179869184 / 16], which maps to Larger [LargestMinGB=32, LargerMinGB=12, DefaultMinGB=8, SmallerMinGB=6, SmallestMinGB=0)
[2023.02.03-15.01.12:406][  0]LogInit: Going up to parent DeviceProfile []
[2023.02.03-15.01.12:406][  0]LogConfig: Applying CVar settings from Section [ViewDistanceQuality@3] File [C:/UnrealEngine/GrootLabirinGameJam/GrootLabirint/Saved/Config/Windows/Scalability.ini]
[2023.02.03-15.01.12:406][  0]LogConfig: Setting CVar [[r.SkeletalMeshLODBias:0]]
[2023.02.03-15.01.12:406][  0]LogConfig: Setting CVar [[r.ViewDistanceScale:1.0]]
[2023.02.03-15.01.12:406][  0]LogConfig: Applying CVar settings from Section [AntiAliasingQuality@3] File [C:/UnrealEngine/GrootLabirinGameJam/GrootLabirint/Saved/Config/Windows/Scalability.ini]
[2023.02.03-15.01.12:406][  0]LogConfig: Setting CVar [[r.PostProcessAAQuality:4]]
[2023.02.03-15.01.12:406][  0]LogConfig: Applying CVar settings from Section [ShadowQuality@3] File [C:/UnrealEngine/GrootLabirinGameJam/GrootLabirint/Saved/Config/Windows/Scalability.ini]
[2023.02.03-15.01.12:406][  0]LogConfig: Setting CVar [[r.LightFunctionQuality:1]]
[2023.02.03-15.01.12:406][  0]LogConfig: Setting CVar [[r.ShadowQuality:5]]
[2023.02.03-15.01.12:406][  0]LogConfig: Setting CVar [[r.Shadow.CSM.MaxCascades:10]]
[2023.02.03-15.01.12:406][  0]LogConfig: Setting CVar [[r.Shadow.MaxResolution:2048]]
[2023.02.03-15.01.12:406][  0]LogConfig: Setting CVar [[r.Shadow.MaxCSMResolution:2048]]
[2023.02.03-15.01.12:406][  0]LogConfig: Setting CVar [[r.Shadow.RadiusThreshold:0.01]]
[2023.02.03-15.01.12:406][  0]LogConfig: Setting CVar [[r.Shadow.DistanceScale:1.0]]
[2023.02.03-15.01.12:406][  0]LogConfig: Setting CVar [[r.Shadow.CSM.TransitionScale:1.0]]
[2023.02.03-15.01.12:406][  0]LogConfig: Setting CVar [[r.Shadow.PreShadowResolutionFactor:1.0]]
[2023.02.03-15.01.12:406][  0]LogConfig: Setting CVar [[r.DistanceFieldShadowing:1]]
[2023.02.03-15.01.12:406][  0]LogConfig: Setting CVar [[r.DistanceFieldAO:1]]
[2023.02.03-15.01.12:406][  0]LogConfig: Setting CVar [[r.AOQuality:2]]
[2023.02.03-15.01.12:406][  0]LogConfig: Setting CVar [[r.VolumetricFog:1]]
[2023.02.03-15.01.12:406][  0]LogConfig: Setting CVar [[r.VolumetricFog.GridPixelSize:8]]
[2023.02.03-15.01.12:406][  0]LogConfig: Setting CVar [[r.VolumetricFog.GridSizeZ:128]]
[2023.02.03-15.01.12:406][  0]LogConfig: Setting CVar [[r.VolumetricFog.HistoryMissSupersampleCount:4]]
[2023.02.03-15.01.12:406][  0]LogConfig: Setting CVar [[r.LightMaxDrawDistanceScale:1]]
[2023.02.03-15.01.12:406][  0]LogConfig: Setting CVar [[r.CapsuleShadows:1]]
[2023.02.03-15.01.12:406][  0]LogConfig: Applying CVar settings from Section [PostProcessQuality@3] File [C:/UnrealEngine/GrootLabirinGameJam/GrootLabirint/Saved/Config/Windows/Scalability.ini]
[2023.02.03-15.01.12:406][  0]LogConfig: Setting CVar [[r.MotionBlurQuality:4]]
[2023.02.03-15.01.12:406][  0]LogConfig: Setting CVar [[r.AmbientOcclusionMipLevelFactor:0.4]]
[2023.02.03-15.01.12:406][  0]LogConfig: Setting CVar [[r.AmbientOcclusionMaxQuality:100]]
[2023.02.03-15.01.12:406][  0]LogConfig: Setting CVar [[r.AmbientOcclusionLevels:-1]]
[2023.02.03-15.01.12:406][  0]LogConfig: Setting CVar [[r.AmbientOcclusionRadiusScale:1.0]]
[2023.02.03-15.01.12:406][  0]LogConfig: Setting CVar [[r.DepthOfFieldQuality:2]]
[2023.02.03-15.01.12:407][  0]LogConfig: Setting CVar [[r.RenderTargetPoolMin:400]]
[2023.02.03-15.01.12:407][  0]LogConfig: Setting CVar [[r.LensFlareQuality:2]]
[2023.02.03-15.01.12:407][  0]LogConfig: Setting CVar [[r.SceneColorFringeQuality:1]]
[2023.02.03-15.01.12:407][  0]LogConfig: Setting CVar [[r.EyeAdaptationQuality:2]]
[2023.02.03-15.01.12:407][  0]LogConfig: Setting CVar [[r.BloomQuality:5]]
[2023.02.03-15.01.12:407][  0]LogConfig: Setting CVar [[r.FastBlurThreshold:100]]
[2023.02.03-15.01.12:407][  0]LogConfig: Setting CVar [[r.Upscale.Quality:3]]
[2023.02.03-15.01.12:407][  0]LogConfig: Setting CVar [[r.Tonemapper.GrainQuantization:1]]
[2023.02.03-15.01.12:407][  0]LogConfig: Setting CVar [[r.LightShaftQuality:1]]
[2023.02.03-15.01.12:407][  0]LogConfig: Setting CVar [[r.Filter.SizeScale:1]]
[2023.02.03-15.01.12:407][  0]LogConfig: Setting CVar [[r.Tonemapper.Quality:5]]
[2023.02.03-15.01.12:407][  0]LogConfig: Setting CVar [[r.DOF.Gather.AccumulatorQuality:1        ; higher gathering accumulator quality]]
[2023.02.03-15.01.12:407][  0]LogConfig: Setting CVar [[r.DOF.Gather.PostfilterMethod:1          ; Median3x3 postfilering method]]
[2023.02.03-15.01.12:407][  0]LogConfig: Setting CVar [[r.DOF.Gather.EnableBokehSettings:0       ; no bokeh simulation when gathering]]
[2023.02.03-15.01.12:407][  0]LogConfig: Setting CVar [[r.DOF.Gather.RingCount:4                 ; medium number of samples when gathering]]
[2023.02.03-15.01.12:407][  0]LogConfig: Setting CVar [[r.DOF.Scatter.ForegroundCompositing:1    ; additive foreground scattering]]
[2023.02.03-15.01.12:407][  0]LogConfig: Setting CVar [[r.DOF.Scatter.BackgroundCompositing:2    ; additive background scattering]]
[2023.02.03-15.01.12:407][  0]LogConfig: Setting CVar [[r.DOF.Scatter.EnableBokehSettings:1      ; bokeh simulation when scattering]]
[2023.02.03-15.01.12:407][  0]LogConfig: Setting CVar [[r.DOF.Scatter.MaxSpriteRatio:0.1         ; only a maximum of 10% of scattered bokeh]]
[2023.02.03-15.01.12:407][  0]LogConfig: Setting CVar [[r.DOF.Recombine.Quality:1                ; cheap slight out of focus]]
[2023.02.03-15.01.12:407][  0]LogConfig: Setting CVar [[r.DOF.Recombine.EnableBokehSettings:0    ; no bokeh simulation on slight out of focus]]
[2023.02.03-15.01.12:407][  0]LogConfig: Setting CVar [[r.DOF.TemporalAAQuality:1                ; more stable temporal accumulation]]
[2023.02.03-15.01.12:407][  0]LogConfig: Setting CVar [[r.DOF.Kernel.MaxForegroundRadius:0.025]]
[2023.02.03-15.01.12:407][  0]LogConfig: Setting CVar [[r.DOF.Kernel.MaxBackgroundRadius:0.025]]
[2023.02.03-15.01.12:407][  0]LogConfig: Applying CVar settings from Section [TextureQuality@3] File [C:/UnrealEngine/GrootLabirinGameJam/GrootLabirint/Saved/Config/Windows/Scalability.ini]
[2023.02.03-15.01.12:407][  0]LogConfig: Setting CVar [[r.Streaming.MipBias:0]]
[2023.02.03-15.01.12:407][  0]LogConfig: Setting CVar [[r.Streaming.AmortizeCPUToGPUCopy:0]]
[2023.02.03-15.01.12:407][  0]LogConfig: Setting CVar [[r.Streaming.MaxNumTexturesToStreamPerFrame:0]]
[2023.02.03-15.01.12:407][  0]LogConfig: Setting CVar [[r.Streaming.Boost:1]]
[2023.02.03-15.01.12:407][  0]LogConfig: Setting CVar [[r.MaxAnisotropy:8]]
[2023.02.03-15.01.12:407][  0]LogConfig: Setting CVar [[r.VT.MaxAnisotropy:8]]
[2023.02.03-15.01.12:407][  0]LogConfig: Setting CVar [[r.Streaming.LimitPoolSizeToVRAM:0]]
[2023.02.03-15.01.12:407][  0]LogConfig: Setting CVar [[r.Streaming.PoolSize:1000]]
[2023.02.03-15.01.12:407][  0]LogConfig: Setting CVar [[r.Streaming.MaxEffectiveScreenSize:0]]
[2023.02.03-15.01.12:407][  0]LogConfig: Applying CVar settings from Section [EffectsQuality@3] File [C:/UnrealEngine/GrootLabirinGameJam/GrootLabirint/Saved/Config/Windows/Scalability.ini]
[2023.02.03-15.01.12:407][  0]LogConfig: Setting CVar [[r.TranslucencyLightingVolumeDim:64]]
[2023.02.03-15.01.12:407][  0]LogConfig: Setting CVar [[r.RefractionQuality:2]]
[2023.02.03-15.01.12:407][  0]LogConfig: Setting CVar [[r.SSR.Quality:3]]
[2023.02.03-15.01.12:407][  0]LogConfig: Setting CVar [[r.SSR.HalfResSceneColor:0]]
[2023.02.03-15.01.12:407][  0]LogConfig: Setting CVar [[r.SceneColorFormat:4]]
[2023.02.03-15.01.12:407][  0]LogConfig: Setting CVar [[r.DetailMode:2]]
[2023.02.03-15.01.12:407][  0]LogConfig: Setting CVar [[r.TranslucencyVolumeBlur:1]]
[2023.02.03-15.01.12:407][  0]LogConfig: Setting CVar [[r.MaterialQualityLevel:1 ; High quality]]
[2023.02.03-15.01.12:407][  0]LogConfig: Setting CVar [[r.AnisotropicMaterials:1]]
[2023.02.03-15.01.12:407][  0]LogConfig: Setting CVar [[r.SSS.Scale:1]]
[2023.02.03-15.01.12:407][  0]LogConfig: Setting CVar [[r.SSS.SampleSet:2]]
[2023.02.03-15.01.12:407][  0]LogConfig: Setting CVar [[r.SSS.Quality:1]]
[2023.02.03-15.01.12:407][  0]LogConfig: Setting CVar [[r.SSS.HalfRes:0]]
[2023.02.03-15.01.12:407][  0]LogConfig: Setting CVar [[r.SSGI.Quality:3]]
[2023.02.03-15.01.12:407][  0]LogConfig: Setting CVar [[r.EmitterSpawnRateScale:1.0]]
[2023.02.03-15.01.12:407][  0]LogConfig: Setting CVar [[r.ParticleLightQuality:2]]
[2023.02.03-15.01.12:407][  0]LogConfig: Setting CVar [[r.SkyAtmosphere.AerialPerspectiveLUT.FastApplyOnOpaque:1 ; Always have FastSkyLUT 1 in this case to avoid wrong sky]]
[2023.02.03-15.01.12:407][  0]LogConfig: Setting CVar [[r.SkyAtmosphere.AerialPerspectiveLUT.SampleCountMaxPerSlice:4]]
[2023.02.03-15.01.12:407][  0]LogConfig: Setting CVar [[r.SkyAtmosphere.AerialPerspectiveLUT.DepthResolution:16.0]]
[2023.02.03-15.01.12:407][  0]LogConfig: Setting CVar [[r.SkyAtmosphere.FastSkyLUT:1]]
[2023.02.03-15.01.12:407][  0]LogConfig: Setting CVar [[r.SkyAtmosphere.FastSkyLUT.SampleCountMin:4.0]]
[2023.02.03-15.01.12:407][  0]LogConfig: Setting CVar [[r.SkyAtmosphere.FastSkyLUT.SampleCountMax:128.0]]
[2023.02.03-15.01.12:407][  0]LogConfig: Setting CVar [[r.SkyAtmosphere.SampleCountMin:4.0]]
[2023.02.03-15.01.12:407][  0]LogConfig: Setting CVar [[r.SkyAtmosphere.SampleCountMax:128.0]]
[2023.02.03-15.01.12:407][  0]LogConfig: Setting CVar [[r.SkyAtmosphere.TransmittanceLUT.UseSmallFormat:0]]
[2023.02.03-15.01.12:407][  0]LogConfig: Setting CVar [[r.SkyAtmosphere.TransmittanceLUT.SampleCount:10.0]]
[2023.02.03-15.01.12:407][  0]LogConfig: Setting CVar [[r.SkyAtmosphere.MultiScatteringLUT.SampleCount:15.0]]
[2023.02.03-15.01.12:407][  0]LogConfig: Setting CVar [[r.SkyLight.RealTimeReflectionCapture:1]]
[2023.02.03-15.01.12:407][  0]LogConfig: Applying CVar settings from Section [FoliageQuality@3] File [C:/UnrealEngine/GrootLabirinGameJam/GrootLabirint/Saved/Config/Windows/Scalability.ini]
[2023.02.03-15.01.12:407][  0]LogConfig: Setting CVar [[foliage.DensityScale:1.0]]
[2023.02.03-15.01.12:407][  0]LogConfig: Setting CVar [[grass.DensityScale:1.0]]
[2023.02.03-15.01.12:407][  0]LogConfig: Applying CVar settings from Section [ShadingQuality@3] File [C:/UnrealEngine/GrootLabirinGameJam/GrootLabirint/Saved/Config/Windows/Scalability.ini]
[2023.02.03-15.01.12:407][  0]LogConfig: Setting CVar [[r.HairStrands.SkyLighting.IntegrationType:2]]
[2023.02.03-15.01.12:407][  0]LogConfig: Setting CVar [[r.HairStrands.SkyAO.SampleCount:4]]
[2023.02.03-15.01.12:407][  0]LogConfig: Setting CVar [[r.HairStrands.Visibility.MSAA.SamplePerPixel:4]]
[2023.02.03-15.01.12:407][  0]LogConfig: Applying CVar settings from Section [Startup] File [../../../Engine/Config/ConsoleVariables.ini]
[2023.02.03-15.01.12:408][  0]LogConfig: Setting CVar [[net.UseAdaptiveNetUpdateFrequency:0]]
[2023.02.03-15.01.12:408][  0]LogConfig: Setting CVar [[p.chaos.AllowCreatePhysxBodies:1]]
[2023.02.03-15.01.12:408][  0]LogConfig: Setting CVar [[fx.SkipVectorVMBackendOptimizations:1]]
[2023.02.03-15.01.12:408][  0]LogConfig: Applying CVar settings from Section [ConsoleVariables] File [C:/UnrealEngine/GrootLabirinGameJam/GrootLabirint/Saved/Config/Windows/Engine.ini]
[2023.02.03-15.01.12:408][  0]LogConfig: Applying CVar settings from Section [ConsoleVariables] File [C:/UnrealEngine/GrootLabirinGameJam/GrootLabirint/Saved/Config/Windows/Editor.ini]
[2023.02.03-15.01.12:408][  0]LogInit: Computer: LAPTOP-DIL3K4HC
[2023.02.03-15.01.12:408][  0]LogInit: User: nsara
[2023.02.03-15.01.12:408][  0]LogInit: CPU Page size=4096, Cores=6
[2023.02.03-15.01.12:408][  0]LogInit: High frequency timer resolution =10.000000 MHz
[2023.02.03-15.01.12:408][  0]LogMemory: Memory total: Physical=15.9GB (16GB approx)
[2023.02.03-15.01.12:408][  0]LogMemory: Platform Memory Stats for Windows
[2023.02.03-15.01.12:408][  0]LogMemory: Process Physical Memory: 146.79 MB used, 146.79 MB peak
[2023.02.03-15.01.12:408][  0]LogMemory: Process Virtual Memory: 132.16 MB used, 132.16 MB peak
[2023.02.03-15.01.12:408][  0]LogMemory: Physical Memory: 7276.29 MB used,  8975.51 MB free, 16251.80 MB total
[2023.02.03-15.01.12:408][  0]LogMemory: Virtual Memory: 134205056.00 MB used,  12671.72 MB free, 134217728.00 MB total
[2023.02.03-15.01.12:412][  0]LogWindows: WindowsPlatformFeatures enabled
[2023.02.03-15.01.12:442][  0]LogInit: Physics initialised using underlying interface: PhysX
[2023.02.03-15.01.12:442][  0]LogInit: Using OS detected language (ru-RU).
[2023.02.03-15.01.12:442][  0]LogInit: Using OS detected locale (ru-KG).
[2023.02.03-15.01.12:445][  0]LogTextLocalizationManager: No specific localization for 'ru-RU' exists, so the 'ru' localization will be used.
[2023.02.03-15.01.12:445][  0]LogTextLocalizationResource: LocRes '../../../Engine/Content/Localization/Editor/ru/Editor.locres' could not be opened for reading!
[2023.02.03-15.01.12:445][  0]LogTextLocalizationResource: LocRes '../../../Engine/Content/Localization/EditorTutorials/ru/EditorTutorials.locres' could not be opened for reading!
[2023.02.03-15.01.12:445][  0]LogTextLocalizationResource: LocRes '../../../Engine/Content/Localization/Keywords/ru/Keywords.locres' could not be opened for reading!
[2023.02.03-15.01.12:445][  0]LogTextLocalizationResource: LocRes '../../../Engine/Content/Localization/Category/ru/Category.locres' could not be opened for reading!
[2023.02.03-15.01.12:445][  0]LogTextLocalizationResource: LocRes '../../../Engine/Content/Localization/ToolTips/ru/ToolTips.locres' could not be opened for reading!
[2023.02.03-15.01.12:445][  0]LogTextLocalizationResource: LocRes '../../../Engine/Content/Localization/PropertyNames/ru/PropertyNames.locres' could not be opened for reading!
[2023.02.03-15.01.12:445][  0]LogTextLocalizationResource: LocRes '../../../Engine/Content/Localization/Engine/ru/Engine.locres' could not be opened for reading!
[2023.02.03-15.01.12:446][  0]LogInit: Setting process to per monitor DPI aware
[2023.02.03-15.01.12:455][  0]LogWindowsTextInputMethodSystem: Display: IME system deactivated.
[2023.02.03-15.01.12:465][  0]LogSlate: New Slate User Created.  User Index 0, Is Virtual User: 0
[2023.02.03-15.01.12:465][  0]LogSlate: Slate User Registered.  User Index 0, Is Virtual User: 0
[2023.02.03-15.01.12:576][  0]LogD3D11RHI: Loaded GFSDK_Aftermath_Lib.x64.dll
[2023.02.03-15.01.12:612][  0]LogHMD: Failed to initialize OpenVR with code 110
[2023.02.03-15.01.12:612][  0]LogD3D11RHI: D3D11 min allowed feature level: 11_0
[2023.02.03-15.01.12:612][  0]LogD3D11RHI: D3D11 max allowed feature level: 11_0
[2023.02.03-15.01.12:612][  0]LogD3D11RHI: D3D11 adapters:
[2023.02.03-15.01.12:688][  0]LogD3D11RHI:    0. 'NVIDIA GeForce RTX 3050 Ti Laptop GPU' (Feature Level 11_0)
[2023.02.03-15.01.12:688][  0]LogD3D11RHI:       3990/0/8125 MB DedicatedVideo/DedicatedSystem/SharedSystem, Outputs:1, VendorId:0x10de
[2023.02.03-15.01.12:704][  0]LogD3D11RHI:    1. 'Intel(R) UHD Graphics' (Feature Level 11_0)
[2023.02.03-15.01.12:704][  0]LogD3D11RHI:       128/0/8125 MB DedicatedVideo/DedicatedSystem/SharedSystem, Outputs:0, VendorId:0x8086
[2023.02.03-15.01.12:706][  0]LogD3D11RHI:    2. 'Microsoft Basic Render Driver' (Feature Level 11_0)
[2023.02.03-15.01.12:706][  0]LogD3D11RHI:       0/0/8125 MB DedicatedVideo/DedicatedSystem/SharedSystem, Outputs:0, VendorId:0x1414
[2023.02.03-15.01.12:706][  0]LogD3D11RHI: Chosen D3D11 Adapter:
[2023.02.03-15.01.12:706][  0]LogD3D11RHI:     Description : NVIDIA GeForce RTX 3050 Ti Laptop GPU
[2023.02.03-15.01.12:706][  0]LogD3D11RHI:     VendorId    : 10de
[2023.02.03-15.01.12:706][  0]LogD3D11RHI:     DeviceId    : 25e0
[2023.02.03-15.01.12:706][  0]LogD3D11RHI:     SubSysId    : 3e9217aa
[2023.02.03-15.01.12:706][  0]LogD3D11RHI:     Revision    : 00a1
[2023.02.03-15.01.12:706][  0]LogD3D11RHI:     DedicatedVideoMemory : 4183818240 bytes
[2023.02.03-15.01.12:706][  0]LogD3D11RHI:     DedicatedSystemMemory : 0 bytes
[2023.02.03-15.01.12:706][  0]LogD3D11RHI:     SharedSystemMemory : 8520622080 bytes
[2023.02.03-15.01.12:706][  0]LogD3D11RHI:     AdapterLuid : 0 71482
[2023.02.03-15.01.12:712][  0]LogD3D11RHI: Creating new Direct3DDevice
[2023.02.03-15.01.12:712][  0]LogD3D11RHI:     GPU DeviceId: 0x25e0 (for the marketing name, search the web for "GPU Device Id")
[2023.02.03-15.01.12:712][  0]LogWindows: EnumDisplayDevices:
[2023.02.03-15.01.12:712][  0]LogWindows:    0. 'Intel(R) UHD Graphics' (P:1 D:1)
[2023.02.03-15.01.12:712][  0]LogWindows:    1. 'Intel(R) UHD Graphics' (P:0 D:0)
[2023.02.03-15.01.12:713][  0]LogWindows:    2. 'Intel(R) UHD Graphics' (P:0 D:0)
[2023.02.03-15.01.12:713][  0]LogWindows:    3. 'NVIDIA GeForce RTX 3050 Ti Laptop GPU' (P:0 D:0)
[2023.02.03-15.01.12:713][  0]LogWindows:    4. 'NVIDIA GeForce RTX 3050 Ti Laptop GPU' (P:0 D:0)
[2023.02.03-15.01.12:713][  0]LogWindows:    5. 'NVIDIA GeForce RTX 3050 Ti Laptop GPU' (P:0 D:0)
[2023.02.03-15.01.12:713][  0]LogWindows:    6. 'NVIDIA GeForce RTX 3050 Ti Laptop GPU' (P:0 D:0)
[2023.02.03-15.01.12:713][  0]LogWindows: DebugString: PrimaryIsNotTheChoosenAdapter PrimaryIsNotTheChoosenAdapter PrimaryIsNotTheChoosenAdapter FoundDriverCount:4 
[2023.02.03-15.01.12:713][  0]LogD3D11RHI:     Adapter Name: NVIDIA GeForce RTX 3050 Ti Laptop GPU
[2023.02.03-15.01.12:713][  0]LogD3D11RHI:   Driver Version: 512.36 (internal:30.0.15.1236, unified:512.36)
[2023.02.03-15.01.12:713][  0]LogD3D11RHI:      Driver Date: 4-4-2022
[2023.02.03-15.01.12:713][  0]LogRHI: Texture pool is 2793 MB (70% of 3990 MB)
[2023.02.03-15.01.12:713][  0]LogD3D11RHI: Creating D3DDevice using adapter:
[2023.02.03-15.01.12:713][  0]LogD3D11RHI:     Description : NVIDIA GeForce RTX 3050 Ti Laptop GPU
[2023.02.03-15.01.12:713][  0]LogD3D11RHI:     VendorId    : 10de
[2023.02.03-15.01.12:713][  0]LogD3D11RHI:     DeviceId    : 25e0
[2023.02.03-15.01.12:713][  0]LogD3D11RHI:     SubSysId    : 3e9217aa
[2023.02.03-15.01.12:713][  0]LogD3D11RHI:     Revision    : 00a1
[2023.02.03-15.01.12:713][  0]LogD3D11RHI:     DedicatedVideoMemory : 4183818240 bytes
[2023.02.03-15.01.12:713][  0]LogD3D11RHI:     DedicatedSystemMemory : 0 bytes
[2023.02.03-15.01.12:713][  0]LogD3D11RHI:     SharedSystemMemory : 8520622080 bytes
[2023.02.03-15.01.12:713][  0]LogD3D11RHI:     AdapterLuid : 0 71482
[2023.02.03-15.01.12:751][  0]LogD3D11RHI: RHI has support for 64 bit atomics
[2023.02.03-15.01.12:751][  0]LogD3D11RHI: Async texture creation enabled
[2023.02.03-15.01.12:751][  0]LogD3D11RHI: Array index from any shader is supported
[2023.02.03-15.01.12:764][  0]LogD3D11RHI: GPU Timing Frequency: 1000.000000 (Debug: 2 1)
[2023.02.03-15.01.12:792][  0]LogRHI: GeForceNow SDK initialized: 1
[2023.02.03-15.01.13:023][  0]LogTargetPlatformManager: Display: Loaded TargetPlatform 'AllDesktop'
[2023.02.03-15.01.13:042][  0]LogTargetPlatformManager: Display: Loaded TargetPlatform 'Android'
[2023.02.03-15.01.13:042][  0]LogTargetPlatformManager: Display: Loaded TargetPlatform 'Android_ASTC'
[2023.02.03-15.01.13:042][  0]LogTargetPlatformManager: Display: Loaded TargetPlatform 'Android_DXT'
[2023.02.03-15.01.13:042][  0]LogTargetPlatformManager: Display: Loaded TargetPlatform 'Android_ETC2'
[2023.02.03-15.01.13:042][  0]LogTargetPlatformManager: Display: Loaded TargetPlatform 'AndroidClient'
[2023.02.03-15.01.13:042][  0]LogTargetPlatformManager: Display: Loaded TargetPlatform 'Android_ASTCClient'
[2023.02.03-15.01.13:042][  0]LogTargetPlatformManager: Display: Loaded TargetPlatform 'Android_DXTClient'
[2023.02.03-15.01.13:042][  0]LogTargetPlatformManager: Display: Loaded TargetPlatform 'Android_ETC2Client'
[2023.02.03-15.01.13:042][  0]LogTargetPlatformManager: Display: Loaded TargetPlatform 'Android_Multi'
[2023.02.03-15.01.13:042][  0]LogTargetPlatformManager: Display: Loaded TargetPlatform 'Android_MultiClient'
[2023.02.03-15.01.13:058][  0]LogTargetPlatformManager: Display: Loaded TargetPlatform 'IOSClient'
[2023.02.03-15.01.13:058][  0]LogTargetPlatformManager: Display: Loaded TargetPlatform 'IOS'
[2023.02.03-15.01.13:067][  0]LogTargetPlatformManager: Display: Loaded TargetPlatform 'Linux'
[2023.02.03-15.01.13:071][  0]LogTargetPlatformManager: Display: Loaded TargetPlatform 'LinuxNoEditor'
[2023.02.03-15.01.13:075][  0]LogTargetPlatformManager: Display: Loaded TargetPlatform 'LinuxClient'
[2023.02.03-15.01.13:079][  0]LogTargetPlatformManager: Display: Loaded TargetPlatform 'LinuxServer'
[2023.02.03-15.01.13:088][  0]LogTargetPlatformManager: Display: Loaded TargetPlatform 'LinuxAArch64NoEditor'
[2023.02.03-15.01.13:092][  0]LogTargetPlatformManager: Display: Loaded TargetPlatform 'LinuxAArch64Client'
[2023.02.03-15.01.13:096][  0]LogTargetPlatformManager: Display: Loaded TargetPlatform 'LinuxAArch64Server'
[2023.02.03-15.01.13:119][  0]LogTargetPlatformManager: Display: Loaded TargetPlatform 'Lumin'
[2023.02.03-15.01.13:119][  0]LogTargetPlatformManager: Display: Loaded TargetPlatform 'LuminClient'
[2023.02.03-15.01.13:127][  0]LogTargetPlatformManager: Display: Loaded TargetPlatform 'MacNoEditor'
[2023.02.03-15.01.13:131][  0]LogTargetPlatformManager: Display: Loaded TargetPlatform 'Mac'
[2023.02.03-15.01.13:134][  0]LogTargetPlatformManager: Display: Loaded TargetPlatform 'MacClient'
[2023.02.03-15.01.13:138][  0]LogTargetPlatformManager: Display: Loaded TargetPlatform 'MacServer'
[2023.02.03-15.01.13:147][  0]LogTargetPlatformManager: Display: Loaded TargetPlatform 'TVOSClient'
[2023.02.03-15.01.13:147][  0]LogTargetPlatformManager: Display: Loaded TargetPlatform 'TVOS'
[2023.02.03-15.01.13:155][  0]LogTargetPlatformManager: Display: Loaded TargetPlatform 'WindowsNoEditor'
[2023.02.03-15.01.13:160][  0]LogTargetPlatformManager: Display: Loaded TargetPlatform 'Windows'
[2023.02.03-15.01.13:164][  0]LogTargetPlatformManager: Display: Loaded TargetPlatform 'WindowsClient'
[2023.02.03-15.01.13:168][  0]LogTargetPlatformManager: Display: Loaded TargetPlatform 'WindowsServer'
[2023.02.03-15.01.13:168][  0]LogTargetPlatformManager: Display: Building Assets For Windows
[2023.02.03-15.01.13:175][  0]LogAudioDebug: Display: Lib vorbis DLL was dynamically loaded.
[2023.02.03-15.01.13:203][  0]LogTextureFormatOodle: Display: Oodle Texture 2.9.0 init RDO Off
[2023.02.03-15.01.13:231][  0]LogRendererCore: Ray tracing is disabled. Reason: r.RayTracing=0.
[2023.02.03-15.01.13:231][  0]LogShaderCompilers: Guid format shader working directory is -19 characters bigger than the processId version (../../../../../../UnrealEngine/GrootLabirinGameJam/GrootLabirint/Intermediate/Shaders/WorkingDirectory/16800/).
[2023.02.03-15.01.13:231][  0]LogShaderCompilers: Cleaned the shader compiler working directory 'C:/Users/nsara/AppData/Local/Temp/UnrealShaderWorkingDir/F4AEF24E4AFB43980DAF9D8097D757DE/'.
[2023.02.03-15.01.13:231][  0]LogXGEController: Cannot use XGE Controller as Incredibuild is not installed on this machine.
[2023.02.03-15.01.13:231][  0]LogShaderCompilers: Cannot use XGE Shader Compiler as Incredibuild is not installed on this machine.
[2023.02.03-15.01.13:232][  0]LogShaderCompilers: Display: Using Local Shader Compiler.
[2023.02.03-15.01.13:872][  0]LogDerivedDataCache: Display: Max Cache Size: 512 MB
[2023.02.03-15.01.13:921][  0]LogDerivedDataCache: Loaded boot cache 0.05s 94MB C:/Users/nsara/AppData/Local/UnrealEngine/4.27/DerivedDataCache/Boot.ddc.
[2023.02.03-15.01.13:921][  0]LogDerivedDataCache: Display: Loaded Boot cache: C:/Users/nsara/AppData/Local/UnrealEngine/4.27/DerivedDataCache/Boot.ddc
[2023.02.03-15.01.13:921][  0]LogDerivedDataCache: FDerivedDataBackendGraph:  Pak pak cache file ../../../../../../UnrealEngine/GrootLabirinGameJam/GrootLabirint/DerivedDataCache/DDC.ddp not found, will not use a pak cache.
[2023.02.03-15.01.13:921][  0]LogDerivedDataCache: Unable to find inner node Pak for hierarchical cache Hierarchy.
[2023.02.03-15.01.13:921][  0]LogDerivedDataCache: FDerivedDataBackendGraph:  CompressedPak pak cache file ../../../../../../UnrealEngine/GrootLabirinGameJam/GrootLabirint/DerivedDataCache/Compressed.ddp not found, will not use a pak cache.
[2023.02.03-15.01.13:921][  0]LogDerivedDataCache: Unable to find inner node CompressedPak for hierarchical cache Hierarchy.
[2023.02.03-15.01.13:935][  0]LogDerivedDataCache: Display: Pak cache opened for reading ../../../Engine/DerivedDataCache/Compressed.ddp.
[2023.02.03-15.01.13:935][  0]LogDerivedDataCache: FDerivedDataBackendGraph:  EnterprisePak pak cache file ../../../Enterprise/DerivedDataCache/Compressed.ddp not found, will not use a pak cache.
[2023.02.03-15.01.13:935][  0]LogDerivedDataCache: Unable to find inner node EnterprisePak for hierarchical cache Hierarchy.
[2023.02.03-15.01.13:943][  0]LogDerivedDataCache: Speed tests for C:/Users/nsara/AppData/Local/UnrealEngine/Common/DerivedDataCache took 0.01 seconds
[2023.02.03-15.01.13:943][  0]LogDerivedDataCache: Display: Performance to C:/Users/nsara/AppData/Local/UnrealEngine/Common/DerivedDataCache: Latency=0.02ms. RandomReadSpeed=293.94MBs, RandomWriteSpeed=195.54MBs. Assigned SpeedClass 'Local'
[2023.02.03-15.01.13:944][  0]LogDerivedDataCache: Using Local data cache path C:/Users/nsara/AppData/Local/UnrealEngine/Common/DerivedDataCache: Writable
[2023.02.03-15.01.13:944][  0]LogDerivedDataCache: Shared data cache path not found in *engine.ini, will not use an Shared cache.
[2023.02.03-15.01.13:944][  0]LogDerivedDataCache: Unable to find inner node Shared for hierarchical cache Hierarchy.
[2023.02.03-15.01.13:985][  0]LogSlate: Using FreeType 2.10.0
[2023.02.03-15.01.13:985][  0]LogSlate: SlateFontServices - WITH_FREETYPE: 1, WITH_HARFBUZZ: 1
[2023.02.03-15.01.14:004][  0]LogAssetRegistry: FAssetRegistry took 0.0026 seconds to start up
[2023.02.03-15.01.14:215][  0]LogInit: Selected Device Profile: [Windows]
[2023.02.03-15.01.14:215][  0]LogInit: Active device profile: [000002528EBF3200][000002528142D780 49] Windows
[2023.02.03-15.01.14:215][  0]LogInit: Profiles: [000002528EBF3200][000002528142D780 49] Windows, [000002528EBB0F00][000002528C189900 49] WindowsNoEditor, [000002528EBF0F00][000002528C18DA80 49] WindowsServer, [000002528EBB2700][000002528C191C00 49] WindowsClient, [000002528EBF0600][000002528C194200 49] IOS, [000002528EBB1500][000002528C198380 49] iPadAir, [000002528EBF1500][000002528C19C500 49] iPadAir2, [000002528EB66900][000002528C184780 49] IPadPro, [000002528EB66A00][000002528C1A07C0 49] iPadAir3, [000002528EBF2400][000002528C1A4900 49] iPadAir4, [000002528EB67600][000002528C1A8A40 49] iPadMini2, [000002528EBF3500][000002528C1ACB80 49] iPadMini3, [000002528EB64600][000002528C1B4D00 49] iPadMini4, [000002528EBF0E00][000002528C1BCE80 49] iPadMini5, [000002528EBDA200][000002528F523140 49] iPhone6, [000002528EBDA300][000002528F47D180 49] iPodTouch6, [000002528EB65400][000002528F56F440 49] iPhone7, [000002528EB66700][000002528F56B480 49] iPodTouch7, [000002528EBDAE00][000002528F573600 49] iPhone5S, [000002528EB66500][000002528F577780 49] iPhone6Plus, [000002528EBD8600][000002528F57B900 49] iPhone6S, [000002528EB66C00][000002528F57FA80 49] iPhone6SPlus, [000002528EBD9400][000002528F583C00 49] iPhone7Plus, [000002528EB65800][000002528F586200 49] iPhoneSE, [000002528EBDB100][000002528F58A380 49] iPhone8, [000002528EB67300][000002528F58E500 49] iPhone8Plus, [000002528EBD8100][000002528F592680 49] iPhoneX, [000002528EB67B00][000002528F596800 49] iPhoneXS, [000002528EBDAA00][000002528C1B0940 49] iPhoneXSMax, [000002528EB64900][000002528F59AA80 49] iPhoneXR, [000002528EBDB300][000002528F59EBC0 49] iPhone11, [000002528EB64700][000002528F5A2D00 49] iPhone11Pro, [000002528EBDB000][000002528F5AAE80 49] iPhone11ProMax, [000002528EB64400][000002528F5AF000 49] iPhoneSE2, [000002528EBD8800][000002528F5B3180 49] iPhone12Mini, [000002528EB64B00][000002528F5B7300 49] iPhone12, [000002528EBD9E00][000002528F5BB480 49] iPhone12Pro, [000002528EB66D00][000002528F5BF600 49] iPhone12ProMax, [000002528EBD9A00][000002528F5C3780 49] iPadPro105, [000002528EB65500][000002528F5C7900 49] iPadPro129, [000002528EBD9B00][000002528F5CBA80 49] iPadPro97, [000002528EB67100][000002528F6B5C00 49] iPadPro2_129, [000002528EBDB900][000002528F6BC200 49] iPad5, [000002528EB66800][000002528F744380 49] iPad6, [000002528EBDA700][000002528F748500 49] iPad7, [000002528EB67500][000002528F74C680 49] iPad8, [000002528EBDA000][000002528F750800 49] iPadPro11, [000002528EB65F00][000002528F754980 49] iPadPro2_11, [000002528EBDA500][000002528F758B00 49] iPadPro3_129, [000002528EBB2500][000002528F5A6C40 49] iPadPro4_129, [000002528EC35E00][000002528F75CD80 49] AppleTV, [000002528EBB3500][000002528F760EC0 49] AppleTV4K, [000002528EC34100][000002528F769040 49] TVOS, [000002528EBB0200][000002528F76D1C0 49] Mac, [000002528EC36200][000002528F771340 49] MacClient, [000002528EBB2200][000002528F7754C0 49] MacNoEditor, [000002528EC35F00][000002528F779640 49] MacServer, [000002528EBB2F00][000002528F7857C0 49] Linux, [000002528EC34700][000002528F80F940 49] LinuxAArch64, [000002528EBB2900][000002528F813AC0 49] LinuxNoEditor, [000002528EC34200][000002528F82E0C0 49] LinuxAArch64NoEditor, [000002528EBB0B00][000002528F832240 49] LinuxClient, [000002528EC36800][000002528F8563C0 49] LinuxAArch64Client, [000002528EBB2800][000002528F89E540 49] LinuxServer, [000002528EC35200][000002528F8E46C0 49] LinuxAArch64Server, [000002528EBB1700][000002528F8E8840 49] Android, [000002528EC35800][000002528F8EC9C0 49] Android_Low, [000002528EBDAD00][000002528F9D6B40 49] Android_Mid, [000002528EB64A00][000002528F9DACC0 49] Android_High, [000002528EBDA600][000002528F764E00 49] Android_Default, [000002528EB64300][000002528F9F0F40 49] Android_Adreno4xx, [000002528EBD8A00][000002528F9F5080 49] Android_Adreno5xx_Low, [000002528EB65C00][000002528F9F91C0 49] Android_Adreno5xx, [000002528EBD9F00][000002528FA01340 49] Android_Adreno6xx, [000002528EB67900][000002528FA234C0 49] Android_Adreno6xx_Vulkan, [000002528EC36400][000002528FAC5640 49] Android_Mali_T6xx, [000002528EB64500][000002528FAC97C0 49] Android_Mali_T7xx, [000002528EC34A00][000002528FACD940 49] Android_Mali_T8xx, [000002528EB67800][000002528FAD1AC0 49] Android_Mali_G71, [000002528EC36100][000002528FAD40C0 49] Android_Mali_G72, [000002528EB64D00][000002528FAD8240 49] Android_Mali_G72_Vulkan, [000002528EC35D00][000002528FB1E3C0 49] Android_Mali_G76, [000002528EB67400][000002528FB26540 49] Android_Mali_G76_Vulkan, [000002528EC35600][000002528FBD86C0 49] Android_Mali_G77, [000002528EB64F00][000002528FBDC840 49] Android_Mali_G77_Vulkan, [000002528EC36300][000002528FBE09C0 49] Android_Mali_G78, [000002528EB65700][000002528FBE8B40 49] Android_Mali_G78_Vulkan, [000002528EC34300][000002528FBECCC0 49] Android_Mali_G710, [000002528EB65300][000002528FBF0E40 49] Android_Mali_G710_Vulkan, [000002528EC34600][000002528F9FCF80 49] Android_Vulkan_SM5, [000002528EB66300][000002528FBF50C0 49] Android_PowerVR_G6xxx, [000002528EC35B00][000002528FC29200 49] Android_PowerVR_GT7xxx, [000002528EB65B00][000002528FC31340 49] Android_PowerVR_GE8xxx, [000002528EC35500][000002528859F4C0 49] Android_PowerVR_GM9xxx, [000002528EB67000][00000252885D7640 49] Android_PowerVR_GM9xxx_Vulkan, [000002528EC36A00][00000252885E77C0 49] Android_TegraK1, [000002528EB65900][000002528BB5B940 49] Android_Unknown_Vulkan, [000002528EBD8B00][000002528BB5FAC0 49] Lumin, [000002528EB66200][000002528BB620C0 49] Lumin_Desktop, [000002528EBD8300][000002528BB66240 49] HoloLens, 
[2023.02.03-15.01.14:325][  0]LogMeshReduction: Using QuadricMeshReduction for automatic static mesh reduction
[2023.02.03-15.01.14:325][  0]LogMeshReduction: Using SimplygonMeshReduction for automatic skeletal mesh reduction
[2023.02.03-15.01.14:325][  0]LogMeshReduction: Using ProxyLODMeshReduction for automatic mesh merging
[2023.02.03-15.01.14:325][  0]LogMeshReduction: No distributed automatic mesh merging module available
[2023.02.03-15.01.14:325][  0]LogMeshMerging: No distributed automatic mesh merging module available
[2023.02.03-15.01.14:336][  0]LogNetVersion: GrootLabirint 1.0.0, NetCL: 17155196, EngineNetVer: 17, GameNetVer: 0 (Checksum: 104919260)
[2023.02.03-15.01.14:631][  0]LogTexture: Default maximum texture size for cubemaps generated from long-lat sources has been changed from 512 to unlimited. In order to preserve old behaiour for '/Engine/MapTemplates/Sky/DaylightAmbientCubemap.DaylightAmbientCubemap', its maximum texture size has been explicitly set to 512.
[2023.02.03-15.01.14:682][  0]LogHMD: PokeAHoleMaterial loaded successfully
[2023.02.03-15.01.14:686][  0]LogUObjectArray: 17178 objects as part of root set at end of initial load.
[2023.02.03-15.01.14:686][  0]LogUObjectAllocator: 4302048 out of 0 bytes used by permanent object pool.
[2023.02.03-15.01.14:686][  0]LogUObjectArray: CloseDisregardForGC: 0/0 objects in disregard for GC pool
[2023.02.03-15.01.14:922][  0]LogNiagaraDebuggerClient: Niagara Debugger Client Initialized | Session: F2D5A6D94C6ADF59B4B9EC8892511685 | Instance: 1F39FE644C305FD73185EF8D8841F418 (LAPTOP-DIL3K4HC-16800).
[2023.02.03-15.01.14:952][  0]LogPython: Using Python 3.7.7
[2023.02.03-15.01.15:451][  0]LogTcpMessaging: Initializing TcpMessaging bridge
[2023.02.03-15.01.15:466][  0]LogUdpMessaging: Initializing bridge on interface 0.0.0.0:0 to multicast group 230.0.0.1:6666.
[2023.02.03-15.01.15:582][  0]SourceControl: Source control is disabled
[2023.02.03-15.01.15:582][  0]SourceControl: Source control is disabled
[2023.02.03-15.01.15:585][  0]SourceControl: Source control is disabled
[2023.02.03-15.01.15:588][  0]SourceControl: Source control is disabled
[2023.02.03-15.01.15:593][  0]SourceControl: Source control is disabled
[2023.02.03-15.01.15:602][  0]LogUProjectInfo: Found projects:
[2023.02.03-15.01.15:780][  0]LogOpenImageDenoise: OIDN starting up
[2023.02.03-15.01.15:817][  0]LogAndroidPermission: UAndroidPermissionCallbackProxy::GetInstance
[2023.02.03-15.01.15:838][  0]LogAudioCaptureCore: Display: No Audio Capture implementations found. Audio input will be silent.
[2023.02.03-15.01.15:838][  0]LogAudioCaptureCore: Display: No Audio Capture implementations found. Audio input will be silent.
[2023.02.03-15.01.15:939][  0]LogCollectionManager: Loaded 0 collections in 0.001297 seconds
[2023.02.03-15.01.15:961][  0]LogFileCache: Scanning file cache for directory 'C:/UnrealEngine/GrootLabirinGameJam/GrootLabirint/Saved/Collections/' took 0.00s
[2023.02.03-15.01.15:961][  0]LogFileCache: Scanning file cache for directory 'C:/UnrealEngine/GrootLabirinGameJam/GrootLabirint/Content/Developers/nsara/Collections/' took 0.00s
[2023.02.03-15.01.15:961][  0]LogFileCache: Scanning file cache for directory 'C:/UnrealEngine/GrootLabirinGameJam/GrootLabirint/Content/Collections/' took 0.00s
[2023.02.03-15.01.15:961][  0]LogOcInput: OculusInput pre-init called
[2023.02.03-15.01.16:142][  0]LogEngine: Initializing Engine...
[2023.02.03-15.01.16:144][  0]LogHMD: Failed to enumerate extensions. Please check that you have a valid OpenXR runtime installed.
[2023.02.03-15.01.16:144][  0]LogHMD: Failed to initialize OpenVR with code 110
[2023.02.03-15.01.16:144][  0]LogMagicLeap: Warning: VR disabled because ZI is not enabled.  To enable, in the editor, Edit -> Project Settings -> Plugins -> Magic Leap Plugin -> Enable Zero Iteration
[2023.02.03-15.01.16:145][  0]LogStats: UGameplayTagsManager::InitializeManager -  0.000 s
[2023.02.03-15.01.16:234][  0]LogInit: Initializing FReadOnlyCVARCache
[2023.02.03-15.01.16:241][  0]LogAIModule: Creating AISystem for world Untitled
[2023.02.03-15.01.16:248][  0]LogAudio: Display: Initializing Audio Device Manager...
[2023.02.03-15.01.16:252][  0]LogAudio: Display: Loading Default Audio Settings Objects...
[2023.02.03-15.01.16:252][  0]LogAudio: Display: No default SoundConcurrencyObject specified (or failed to load).
[2023.02.03-15.01.16:252][  0]LogAudio: Display: Audio Device Manager Initialized
[2023.02.03-15.01.16:252][  0]LogAudio: Display: Creating Audio Device:                 Id: 1, Scope: Shared, Realtime: True
[2023.02.03-15.01.16:252][  0]LogAudioMixer: Display: Audio Mixer Platform Settings:
[2023.02.03-15.01.16:252][  0]LogAudioMixer: Display: 	Sample Rate:						  48000
[2023.02.03-15.01.16:252][  0]LogAudioMixer: Display: 	Callback Buffer Frame Size Requested: 1024
[2023.02.03-15.01.16:252][  0]LogAudioMixer: Display: 	Callback Buffer Frame Size To Use:	  1024
[2023.02.03-15.01.16:252][  0]LogAudioMixer: Display: 	Number of buffers to queue:			  2
[2023.02.03-15.01.16:253][  0]LogAudioMixer: Display: 	Max Channels (voices):				  32
[2023.02.03-15.01.16:253][  0]LogAudioMixer: Display: 	Number of Async Source Workers:		  0
[2023.02.03-15.01.16:253][  0]LogAudio: Display: AudioDevice MaxSources: 32
[2023.02.03-15.01.16:253][  0]LogAudio: Display: Audio Spatialization Plugin: None (built-in).
[2023.02.03-15.01.16:253][  0]LogAudio: Display: Audio Reverb Plugin: None (built-in).
[2023.02.03-15.01.16:253][  0]LogAudio: Display: Audio Occlusion Plugin: None (built-in).
[2023.02.03-15.01.16:253][  0]LogAudioMixer: Display: Initializing audio mixer.
[2023.02.03-15.01.16:267][  0]LogAudioMixer: Display: 0: FrontLeft
[2023.02.03-15.01.16:267][  0]LogAudioMixer: Display: 1: FrontRight
[2023.02.03-15.01.16:464][  0]LogAudioMixer: Display: Using Audio Device Динамики (Realtek(R) Audio)
[2023.02.03-15.01.16:466][  0]LogAudioMixer: Display: Initializing Sound Submixes...
[2023.02.03-15.01.16:468][  0]LogAudioMixer: Display: Creating Master Submix 'MasterSubmixDefault'
[2023.02.03-15.01.16:468][  0]LogAudioMixer: Display: Creating Master Submix 'MasterReverbSubmixDefault'
[2023.02.03-15.01.16:469][  0]LogAudioMixer: Display: Creating Master Submix 'MasterEQSubmixDefault'
[2023.02.03-15.01.16:469][  0]LogAudioMixer: FMixerPlatformXAudio2::StartAudioStream() called
[2023.02.03-15.01.16:469][  0]LogAudioMixer: Display: Output buffers initialized: Frames=1024, Channels=2, Samples=2048
[2023.02.03-15.01.16:470][  0]LogAudioMixer: Display: Starting AudioMixerPlatformInterface::RunInternal()
[2023.02.03-15.01.16:470][  0]LogAudioMixer: Display: FMixerPlatformXAudio2::SubmitBuffer() called for the first time
[2023.02.03-15.01.16:470][  0]LogInit: FAudioDevice initialized.
[2023.02.03-15.01.16:470][  0]LogAudio: Display: Audio Device (ID: 1) registered with world 'Untitled'.
[2023.02.03-15.01.16:470][  0]LogNetVersion: Set ProjectVersion to 1.0.0.0. Version Checksum will be recalculated on next use.
[2023.02.03-15.01.16:511][  0]LogDerivedDataCache: Saved boot cache 0.04s 94MB C:/Users/nsara/AppData/Local/UnrealEngine/4.27/DerivedDataCache/Boot.ddc.
[2023.02.03-15.01.16:514][  0]LogInit: Texture streaming: Enabled
[2023.02.03-15.01.16:525][  0]LogAnalytics: Display: [UEEditor.Rocket.Release] APIServer = https://datarouter.ol.epicgames.com/. AppVersion = 4.27.2-18319896+++UE4+Release-4.27
[2023.02.03-15.01.16:528][  0]LogEngineSessionManager: EngineSessionManager initialized
[2023.02.03-15.01.16:528][  0]LogEditorSessionSummary: Verbose: Initializing EditorSessionSummaryWriter for editor session tracking
[2023.02.03-15.01.16:529][  0]LogEditorSessionSummary: EditorSessionSummaryWriter initialized
[2023.02.03-15.01.16:541][  0]LogInit: Transaction tracking system initialized
[2023.02.03-15.01.16:559][  0]BlueprintLog: New page: Editor Load
[2023.02.03-15.01.16:609][  0]LocalizationService: Localization service is disabled
[2023.02.03-15.01.16:629][  0]TimingProfiler: Initialize
[2023.02.03-15.01.16:629][  0]TimingProfiler: OnSessionChanged
[2023.02.03-15.01.16:629][  0]LoadingProfiler: Initialize
[2023.02.03-15.01.16:630][  0]LoadingProfiler: OnSessionChanged
[2023.02.03-15.01.16:630][  0]NetworkingProfiler: Initialize
[2023.02.03-15.01.16:630][  0]NetworkingProfiler: OnSessionChanged
[2023.02.03-15.01.16:630][  0]MemoryProfiler: Initialize
[2023.02.03-15.01.16:630][  0]MemoryProfiler: OnSessionChanged
[2023.02.03-15.01.16:749][  0]LogCook: Display: CookSettings for Memory: MemoryMaxUsedVirtual 0MiB, MemoryMaxUsedPhysical 16384MiB, MemoryMinFreeVirtual 0MiB, MemoryMinFreePhysical 1024MiB
[2023.02.03-15.01.16:749][  0]LogCook: Display: Mobile HDR setting 1
[2023.02.03-15.01.16:878][  0]LogFileCache: Scanning file cache for directory 'C:/UnrealEngine/GrootLabirinGameJam/GrootLabirint/Content/' took 0.00s
[2023.02.03-15.01.17:045][  0]LogInit: Display: Engine is initialized. Leaving FEngineLoop::Init()
[2023.02.03-15.01.17:048][  0]SourceControl: Source control is disabled
[2023.02.03-15.01.17:048][  0]LogUnrealEdMisc: Loading editor; pre map load, took 5.727
[2023.02.03-15.01.17:048][  0]Cmd: MAP LOAD FILE="../../../../../../UnrealEngine/GrootLabirinGameJam/GrootLabirint/Content/ThirdPersonBP/Maps/ThirdPersonExampleMap.umap" TEMPLATE=0 SHOWPROGRESS=1 FEATURELEVEL=3
[2023.02.03-15.01.17:048][  0]LightingResults: New page: Lighting Build
[2023.02.03-15.01.17:049][  0]LogWorld: UWorld::CleanupWorld for Untitled, bSessionEnded=true, bCleanupResources=true
[2023.02.03-15.01.17:049][  0]LogSlate: InvalidateAllWidgets triggered.  All widgets were invalidated
[2023.02.03-15.01.17:049][  0]MapCheck: New page: Map Check
[2023.02.03-15.01.17:049][  0]LightingResults: New page: Lighting Build
[2023.02.03-15.01.17:053][  0]LogAudio: Display: Audio Device unregistered from world 'None'.
[2023.02.03-15.01.17:055][  0]LogUObjectHash: Compacting FUObjectHashTables data took   0.67ms
[2023.02.03-15.01.17:259][  0]LogAudio: Display: Audio Device (ID: 1) registered with world 'ThirdPersonExampleMap'.
[2023.02.03-15.01.17:260][  0]LogAIModule: Creating AISystem for world ThirdPersonExampleMap
[2023.02.03-15.01.17:265][  0]LogEditorServer: Finished looking for orphan Actors (0.000 secs)
[2023.02.03-15.01.17:271][  0]LogUObjectHash: Compacting FUObjectHashTables data took   0.78ms
[2023.02.03-15.01.17:272][  0]Cmd: MAP CHECKDEP NOCLEARLOG
[2023.02.03-15.01.17:273][  0]MapCheck: Map check complete: 0 Error(s), 0 Warning(s), took 0,151ms to complete.
[2023.02.03-15.01.17:273][  0]LogFileHelpers: Loading map 'ThirdPersonExampleMap' took 0.225
[2023.02.03-15.01.17:274][  0]LogUnrealEdMisc: Total Editor Startup Time, took 5.954
[2023.02.03-15.01.17:371][  0]LogSlate: Updating window title bar state: overlay mode, drag disabled, window buttons hidden, title bar hidden
[2023.02.03-15.01.17:376][  0]LogSlate: Updating window title bar state: overlay mode, drag disabled, window buttons hidden, title bar hidden
[2023.02.03-15.01.17:380][  0]LogSlate: Updating window title bar state: overlay mode, drag disabled, window buttons hidden, title bar hidden
[2023.02.03-15.01.17:385][  0]LogSlate: Updating window title bar state: overlay mode, drag disabled, window buttons hidden, title bar hidden
[2023.02.03-15.01.17:396][  0]LogNativeClassHierarchy: Verbose: Native class hierarchy populated in 0.0078 seconds. Added 3822 classes and 928 folders.
[2023.02.03-15.01.17:398][  0]LogNativeClassHierarchy: Verbose: Native class hierarchy updated for 'WidgetCarousel' in 0.0002 seconds. Added 0 classes and 0 folders.
[2023.02.03-15.01.17:399][  0]LogPakFile: PakFile PrimaryIndexSize=187
[2023.02.03-15.01.17:399][  0]LogPakFile: PakFile PathHashIndexSize=101
[2023.02.03-15.01.17:399][  0]LogPakFile: PakFile FullDirectoryIndexSize=148
[2023.02.03-15.01.17:399][  0]LogShaderLibrary: Display: ShaderCodeLibraryPakFileMountedCallback: PakFile 'C:/Program Files/Epic Games/UE_4.27/FeaturePacks/FP_FirstPerson.upack' (chunk index -1, root 'root:/') mounted
[2023.02.03-15.01.17:399][  0]LogShaderLibrary: Display: ShaderCodeLibraryPakFileMountedCallback: pending pak file info (ChunkID:-1 Root:root:/ File:C:/Program Files/Epic Games/UE_4.27/FeaturePacks/FP_FirstPerson.upack)
[2023.02.03-15.01.17:399][  0]LogPakFile: OnPakFileMounted2Time == 0.000045
[2023.02.03-15.01.17:399][  0]LogPakFile: PakFile PrimaryIndexSize=189
[2023.02.03-15.01.17:399][  0]LogPakFile: PakFile PathHashIndexSize=101
[2023.02.03-15.01.17:399][  0]LogPakFile: PakFile FullDirectoryIndexSize=152
[2023.02.03-15.01.17:399][  0]LogShaderLibrary: Display: ShaderCodeLibraryPakFileMountedCallback: PakFile 'C:/Program Files/Epic Games/UE_4.27/FeaturePacks/FP_FirstPersonBP.upack' (chunk index -1, root 'root:/') mounted
[2023.02.03-15.01.17:399][  0]LogShaderLibrary: Display: ShaderCodeLibraryPakFileMountedCallback: pending pak file info (ChunkID:-1 Root:root:/ File:C:/Program Files/Epic Games/UE_4.27/FeaturePacks/FP_FirstPersonBP.upack)
[2023.02.03-15.01.17:400][  0]LogPakFile: OnPakFileMounted2Time == 0.000031
[2023.02.03-15.01.17:400][  0]LogPakFile: PakFile PrimaryIndexSize=191
[2023.02.03-15.01.17:400][  0]LogPakFile: PakFile PathHashIndexSize=101
[2023.02.03-15.01.17:400][  0]LogPakFile: PakFile FullDirectoryIndexSize=160
[2023.02.03-15.01.17:400][  0]LogShaderLibrary: Display: ShaderCodeLibraryPakFileMountedCallback: PakFile 'C:/Program Files/Epic Games/UE_4.27/FeaturePacks/MobileStarterContent.upack' (chunk index -1, root 'root:/') mounted
[2023.02.03-15.01.17:400][  0]LogShaderLibrary: Display: ShaderCodeLibraryPakFileMountedCallback: pending pak file info (ChunkID:-1 Root:root:/ File:C:/Program Files/Epic Games/UE_4.27/FeaturePacks/MobileStarterContent.upack)
[2023.02.03-15.01.17:400][  0]LogPakFile: OnPakFileMounted2Time == 0.000026
[2023.02.03-15.01.17:400][  0]LogPakFile: PakFile PrimaryIndexSize=185
[2023.02.03-15.01.17:400][  0]LogPakFile: PakFile PathHashIndexSize=101
[2023.02.03-15.01.17:400][  0]LogPakFile: PakFile FullDirectoryIndexSize=148
[2023.02.03-15.01.17:400][  0]LogShaderLibrary: Display: ShaderCodeLibraryPakFileMountedCallback: PakFile 'C:/Program Files/Epic Games/UE_4.27/FeaturePacks/StarterContent.upack' (chunk index -1, root 'root:/') mounted
[2023.02.03-15.01.17:400][  0]LogShaderLibrary: Display: ShaderCodeLibraryPakFileMountedCallback: pending pak file info (ChunkID:-1 Root:root:/ File:C:/Program Files/Epic Games/UE_4.27/FeaturePacks/StarterContent.upack)
[2023.02.03-15.01.17:400][  0]LogPakFile: OnPakFileMounted2Time == 0.000028
[2023.02.03-15.01.17:401][  0]LogPakFile: PakFile PrimaryIndexSize=190
[2023.02.03-15.01.17:401][  0]LogPakFile: PakFile PathHashIndexSize=101
[2023.02.03-15.01.17:401][  0]LogPakFile: PakFile FullDirectoryIndexSize=154
[2023.02.03-15.01.17:401][  0]LogShaderLibrary: Display: ShaderCodeLibraryPakFileMountedCallback: PakFile 'C:/Program Files/Epic Games/UE_4.27/FeaturePacks/TP_2DSideScroller.upack' (chunk index -1, root 'root:/') mounted
[2023.02.03-15.01.17:401][  0]LogShaderLibrary: Display: ShaderCodeLibraryPakFileMountedCallback: pending pak file info (ChunkID:-1 Root:root:/ File:C:/Program Files/Epic Games/UE_4.27/FeaturePacks/TP_2DSideScroller.upack)
[2023.02.03-15.01.17:401][  0]LogPakFile: OnPakFileMounted2Time == 0.000026
[2023.02.03-15.01.17:401][  0]LogPakFile: PakFile PrimaryIndexSize=192
[2023.02.03-15.01.17:401][  0]LogPakFile: PakFile PathHashIndexSize=101
[2023.02.03-15.01.17:401][  0]LogPakFile: PakFile FullDirectoryIndexSize=158
[2023.02.03-15.01.17:401][  0]LogShaderLibrary: Display: ShaderCodeLibraryPakFileMountedCallback: PakFile 'C:/Program Files/Epic Games/UE_4.27/FeaturePacks/TP_2DSideScrollerBP.upack' (chunk index -1, root 'root:/') mounted
[2023.02.03-15.01.17:401][  0]LogShaderLibrary: Display: ShaderCodeLibraryPakFileMountedCallback: pending pak file info (ChunkID:-1 Root:root:/ File:C:/Program Files/Epic Games/UE_4.27/FeaturePacks/TP_2DSideScrollerBP.upack)
[2023.02.03-15.01.17:401][  0]LogPakFile: OnPakFileMounted2Time == 0.000027
[2023.02.03-15.01.17:401][  0]LogPakFile: PakFile PrimaryIndexSize=182
[2023.02.03-15.01.17:401][  0]LogPakFile: PakFile PathHashIndexSize=101
[2023.02.03-15.01.17:401][  0]LogPakFile: PakFile FullDirectoryIndexSize=138
[2023.02.03-15.01.17:401][  0]LogShaderLibrary: Display: ShaderCodeLibraryPakFileMountedCallback: PakFile 'C:/Program Files/Epic Games/UE_4.27/FeaturePacks/TP_Flying.upack' (chunk index -1, root 'root:/') mounted
[2023.02.03-15.01.17:401][  0]LogShaderLibrary: Display: ShaderCodeLibraryPakFileMountedCallback: pending pak file info (ChunkID:-1 Root:root:/ File:C:/Program Files/Epic Games/UE_4.27/FeaturePacks/TP_Flying.upack)
[2023.02.03-15.01.17:401][  0]LogPakFile: OnPakFileMounted2Time == 0.000026
[2023.02.03-15.01.17:401][  0]LogPakFile: PakFile PrimaryIndexSize=184
[2023.02.03-15.01.17:401][  0]LogPakFile: PakFile PathHashIndexSize=101
[2023.02.03-15.01.17:401][  0]LogPakFile: PakFile FullDirectoryIndexSize=142
[2023.02.03-15.01.17:401][  0]LogShaderLibrary: Display: ShaderCodeLibraryPakFileMountedCallback: PakFile 'C:/Program Files/Epic Games/UE_4.27/FeaturePacks/TP_FlyingBP.upack' (chunk index -1, root 'root:/') mounted
[2023.02.03-15.01.17:401][  0]LogShaderLibrary: Display: ShaderCodeLibraryPakFileMountedCallback: pending pak file info (ChunkID:-1 Root:root:/ File:C:/Program Files/Epic Games/UE_4.27/FeaturePacks/TP_FlyingBP.upack)
[2023.02.03-15.01.17:401][  0]LogPakFile: OnPakFileMounted2Time == 0.000033
[2023.02.03-15.01.17:401][  0]LogPakFile: PakFile PrimaryIndexSize=188
[2023.02.03-15.01.17:401][  0]LogPakFile: PakFile PathHashIndexSize=101
[2023.02.03-15.01.17:401][  0]LogPakFile: PakFile FullDirectoryIndexSize=150
[2023.02.03-15.01.17:401][  0]LogShaderLibrary: Display: ShaderCodeLibraryPakFileMountedCallback: PakFile 'C:/Program Files/Epic Games/UE_4.27/FeaturePacks/TP_HandheldARBP.upack' (chunk index -1, root 'root:/') mounted
[2023.02.03-15.01.17:402][  0]LogShaderLibrary: Display: ShaderCodeLibraryPakFileMountedCallback: pending pak file info (ChunkID:-1 Root:root:/ File:C:/Program Files/Epic Games/UE_4.27/FeaturePacks/TP_HandheldARBP.upack)
[2023.02.03-15.01.17:402][  0]LogPakFile: OnPakFileMounted2Time == 0.000027
[2023.02.03-15.01.17:402][  0]LogPakFile: PakFile PrimaryIndexSize=182
[2023.02.03-15.01.17:402][  0]LogPakFile: PakFile PathHashIndexSize=101
[2023.02.03-15.01.17:402][  0]LogPakFile: PakFile FullDirectoryIndexSize=138
[2023.02.03-15.01.17:402][  0]LogShaderLibrary: Display: ShaderCodeLibraryPakFileMountedCallback: PakFile 'C:/Program Files/Epic Games/UE_4.27/FeaturePacks/TP_Puzzle.upack' (chunk index -1, root 'root:/') mounted
[2023.02.03-15.01.17:402][  0]LogShaderLibrary: Display: ShaderCodeLibraryPakFileMountedCallback: pending pak file info (ChunkID:-1 Root:root:/ File:C:/Program Files/Epic Games/UE_4.27/FeaturePacks/TP_Puzzle.upack)
[2023.02.03-15.01.17:402][  0]LogPakFile: OnPakFileMounted2Time == 0.000026
[2023.02.03-15.01.17:402][  0]LogPakFile: PakFile PrimaryIndexSize=184
[2023.02.03-15.01.17:402][  0]LogPakFile: PakFile PathHashIndexSize=101
[2023.02.03-15.01.17:402][  0]LogPakFile: PakFile FullDirectoryIndexSize=142
[2023.02.03-15.01.17:403][  0]LogShaderLibrary: Display: ShaderCodeLibraryPakFileMountedCallback: PakFile 'C:/Program Files/Epic Games/UE_4.27/FeaturePacks/TP_PuzzleBP.upack' (chunk index -1, root 'root:/') mounted
[2023.02.03-15.01.17:403][  0]LogShaderLibrary: Display: ShaderCodeLibraryPakFileMountedCallback: pending pak file info (ChunkID:-1 Root:root:/ File:C:/Program Files/Epic Games/UE_4.27/FeaturePacks/TP_PuzzleBP.upack)
[2023.02.03-15.01.17:403][  0]LogPakFile: OnPakFileMounted2Time == 0.000028
[2023.02.03-15.01.17:403][  0]LogPakFile: PakFile PrimaryIndexSize=183
[2023.02.03-15.01.17:403][  0]LogPakFile: PakFile PathHashIndexSize=101
[2023.02.03-15.01.17:403][  0]LogPakFile: PakFile FullDirectoryIndexSize=140
[2023.02.03-15.01.17:403][  0]LogShaderLibrary: Display: ShaderCodeLibraryPakFileMountedCallback: PakFile 'C:/Program Files/Epic Games/UE_4.27/FeaturePacks/TP_Rolling.upack' (chunk index -1, root 'root:/') mounted
[2023.02.03-15.01.17:403][  0]LogShaderLibrary: Display: ShaderCodeLibraryPakFileMountedCallback: pending pak file info (ChunkID:-1 Root:root:/ File:C:/Program Files/Epic Games/UE_4.27/FeaturePacks/TP_Rolling.upack)
[2023.02.03-15.01.17:403][  0]LogPakFile: OnPakFileMounted2Time == 0.000028
[2023.02.03-15.01.17:403][  0]LogPakFile: PakFile PrimaryIndexSize=185
[2023.02.03-15.01.17:403][  0]LogPakFile: PakFile PathHashIndexSize=101
[2023.02.03-15.01.17:403][  0]LogPakFile: PakFile FullDirectoryIndexSize=144
[2023.02.03-15.01.17:403][  0]LogShaderLibrary: Display: ShaderCodeLibraryPakFileMountedCallback: PakFile 'C:/Program Files/Epic Games/UE_4.27/FeaturePacks/TP_RollingBP.upack' (chunk index -1, root 'root:/') mounted
[2023.02.03-15.01.17:403][  0]LogShaderLibrary: Display: ShaderCodeLibraryPakFileMountedCallback: pending pak file info (ChunkID:-1 Root:root:/ File:C:/Program Files/Epic Games/UE_4.27/FeaturePacks/TP_RollingBP.upack)
[2023.02.03-15.01.17:403][  0]LogPakFile: OnPakFileMounted2Time == 0.000026
[2023.02.03-15.01.17:404][  0]LogPakFile: PakFile PrimaryIndexSize=188
[2023.02.03-15.01.17:404][  0]LogPakFile: PakFile PathHashIndexSize=101
[2023.02.03-15.01.17:404][  0]LogPakFile: PakFile FullDirectoryIndexSize=150
[2023.02.03-15.01.17:404][  0]LogShaderLibrary: Display: ShaderCodeLibraryPakFileMountedCallback: PakFile 'C:/Program Files/Epic Games/UE_4.27/FeaturePacks/TP_SideScroller.upack' (chunk index -1, root 'root:/') mounted
[2023.02.03-15.01.17:404][  0]LogShaderLibrary: Display: ShaderCodeLibraryPakFileMountedCallback: pending pak file info (ChunkID:-1 Root:root:/ File:C:/Program Files/Epic Games/UE_4.27/FeaturePacks/TP_SideScroller.upack)
[2023.02.03-15.01.17:404][  0]LogPakFile: OnPakFileMounted2Time == 0.000026
[2023.02.03-15.01.17:404][  0]LogPakFile: PakFile PrimaryIndexSize=190
[2023.02.03-15.01.17:404][  0]LogPakFile: PakFile PathHashIndexSize=101
[2023.02.03-15.01.17:404][  0]LogPakFile: PakFile FullDirectoryIndexSize=154
[2023.02.03-15.01.17:404][  0]LogShaderLibrary: Display: ShaderCodeLibraryPakFileMountedCallback: PakFile 'C:/Program Files/Epic Games/UE_4.27/FeaturePacks/TP_SideScrollerBP.upack' (chunk index -1, root 'root:/') mounted
[2023.02.03-15.01.17:404][  0]LogShaderLibrary: Display: ShaderCodeLibraryPakFileMountedCallback: pending pak file info (ChunkID:-1 Root:root:/ File:C:/Program Files/Epic Games/UE_4.27/FeaturePacks/TP_SideScrollerBP.upack)
[2023.02.03-15.01.17:404][  0]LogPakFile: OnPakFileMounted2Time == 0.000026
[2023.02.03-15.01.17:406][  0]LogPakFile: PakFile PrimaryIndexSize=187
[2023.02.03-15.01.17:406][  0]LogPakFile: PakFile PathHashIndexSize=101
[2023.02.03-15.01.17:406][  0]LogPakFile: PakFile FullDirectoryIndexSize=148
[2023.02.03-15.01.17:406][  0]LogShaderLibrary: Display: ShaderCodeLibraryPakFileMountedCallback: PakFile 'C:/Program Files/Epic Games/UE_4.27/FeaturePacks/TP_ThirdPerson.upack' (chunk index -1, root 'root:/') mounted
[2023.02.03-15.01.17:406][  0]LogShaderLibrary: Display: ShaderCodeLibraryPakFileMountedCallback: pending pak file info (ChunkID:-1 Root:root:/ File:C:/Program Files/Epic Games/UE_4.27/FeaturePacks/TP_ThirdPerson.upack)
[2023.02.03-15.01.17:406][  0]LogPakFile: OnPakFileMounted2Time == 0.000026
[2023.02.03-15.01.17:406][  0]LogPakFile: PakFile PrimaryIndexSize=189
[2023.02.03-15.01.17:406][  0]LogPakFile: PakFile PathHashIndexSize=101
[2023.02.03-15.01.17:406][  0]LogPakFile: PakFile FullDirectoryIndexSize=152
[2023.02.03-15.01.17:406][  0]LogShaderLibrary: Display: ShaderCodeLibraryPakFileMountedCallback: PakFile 'C:/Program Files/Epic Games/UE_4.27/FeaturePacks/TP_ThirdPersonBP.upack' (chunk index -1, root 'root:/') mounted
[2023.02.03-15.01.17:406][  0]LogShaderLibrary: Display: ShaderCodeLibraryPakFileMountedCallback: pending pak file info (ChunkID:-1 Root:root:/ File:C:/Program Files/Epic Games/UE_4.27/FeaturePacks/TP_ThirdPersonBP.upack)
[2023.02.03-15.01.17:406][  0]LogPakFile: OnPakFileMounted2Time == 0.000026
[2023.02.03-15.01.17:406][  0]LogPakFile: PakFile PrimaryIndexSize=183
[2023.02.03-15.01.17:406][  0]LogPakFile: PakFile PathHashIndexSize=101
[2023.02.03-15.01.17:406][  0]LogPakFile: PakFile FullDirectoryIndexSize=140
[2023.02.03-15.01.17:406][  0]LogShaderLibrary: Display: ShaderCodeLibraryPakFileMountedCallback: PakFile 'C:/Program Files/Epic Games/UE_4.27/FeaturePacks/TP_TopDown.upack' (chunk index -1, root 'root:/') mounted
[2023.02.03-15.01.17:406][  0]LogShaderLibrary: Display: ShaderCodeLibraryPakFileMountedCallback: pending pak file info (ChunkID:-1 Root:root:/ File:C:/Program Files/Epic Games/UE_4.27/FeaturePacks/TP_TopDown.upack)
[2023.02.03-15.01.17:406][  0]LogPakFile: OnPakFileMounted2Time == 0.000032
[2023.02.03-15.01.17:406][  0]LogPakFile: PakFile PrimaryIndexSize=185
[2023.02.03-15.01.17:406][  0]LogPakFile: PakFile PathHashIndexSize=101
[2023.02.03-15.01.17:406][  0]LogPakFile: PakFile FullDirectoryIndexSize=144
[2023.02.03-15.01.17:406][  0]LogShaderLibrary: Display: ShaderCodeLibraryPakFileMountedCallback: PakFile 'C:/Program Files/Epic Games/UE_4.27/FeaturePacks/TP_TopDownBP.upack' (chunk index -1, root 'root:/') mounted
[2023.02.03-15.01.17:406][  0]LogShaderLibrary: Display: ShaderCodeLibraryPakFileMountedCallback: pending pak file info (ChunkID:-1 Root:root:/ File:C:/Program Files/Epic Games/UE_4.27/FeaturePacks/TP_TopDownBP.upack)
[2023.02.03-15.01.17:406][  0]LogPakFile: OnPakFileMounted2Time == 0.000026
[2023.02.03-15.01.17:406][  0]LogPakFile: PakFile PrimaryIndexSize=185
[2023.02.03-15.01.17:406][  0]LogPakFile: PakFile PathHashIndexSize=101
[2023.02.03-15.01.17:406][  0]LogPakFile: PakFile FullDirectoryIndexSize=144
[2023.02.03-15.01.17:406][  0]LogShaderLibrary: Display: ShaderCodeLibraryPakFileMountedCallback: PakFile 'C:/Program Files/Epic Games/UE_4.27/FeaturePacks/TP_TwinStick.upack' (chunk index -1, root 'root:/') mounted
[2023.02.03-15.01.17:406][  0]LogShaderLibrary: Display: ShaderCodeLibraryPakFileMountedCallback: pending pak file info (ChunkID:-1 Root:root:/ File:C:/Program Files/Epic Games/UE_4.27/FeaturePacks/TP_TwinStick.upack)
[2023.02.03-15.01.17:406][  0]LogPakFile: OnPakFileMounted2Time == 0.000031
[2023.02.03-15.01.17:407][  0]LogPakFile: PakFile PrimaryIndexSize=187
[2023.02.03-15.01.17:407][  0]LogPakFile: PakFile PathHashIndexSize=101
[2023.02.03-15.01.17:407][  0]LogPakFile: PakFile FullDirectoryIndexSize=148
[2023.02.03-15.01.17:407][  0]LogShaderLibrary: Display: ShaderCodeLibraryPakFileMountedCallback: PakFile 'C:/Program Files/Epic Games/UE_4.27/FeaturePacks/TP_TwinStickBP.upack' (chunk index -1, root 'root:/') mounted
[2023.02.03-15.01.17:407][  0]LogShaderLibrary: Display: ShaderCodeLibraryPakFileMountedCallback: pending pak file info (ChunkID:-1 Root:root:/ File:C:/Program Files/Epic Games/UE_4.27/FeaturePacks/TP_TwinStickBP.upack)
[2023.02.03-15.01.17:407][  0]LogPakFile: OnPakFileMounted2Time == 0.000026
[2023.02.03-15.01.17:407][  0]LogPakFile: PakFile PrimaryIndexSize=183
[2023.02.03-15.01.17:407][  0]LogPakFile: PakFile PathHashIndexSize=101
[2023.02.03-15.01.17:407][  0]LogPakFile: PakFile FullDirectoryIndexSize=140
[2023.02.03-15.01.17:407][  0]LogShaderLibrary: Display: ShaderCodeLibraryPakFileMountedCallback: PakFile 'C:/Program Files/Epic Games/UE_4.27/FeaturePacks/TP_Vehicle.upack' (chunk index -1, root 'root:/') mounted
[2023.02.03-15.01.17:407][  0]LogShaderLibrary: Display: ShaderCodeLibraryPakFileMountedCallback: pending pak file info (ChunkID:-1 Root:root:/ File:C:/Program Files/Epic Games/UE_4.27/FeaturePacks/TP_Vehicle.upack)
[2023.02.03-15.01.17:407][  0]LogPakFile: OnPakFileMounted2Time == 0.000026
[2023.02.03-15.01.17:408][  0]LogPakFile: PakFile PrimaryIndexSize=186
[2023.02.03-15.01.17:408][  0]LogPakFile: PakFile PathHashIndexSize=101
[2023.02.03-15.01.17:408][  0]LogPakFile: PakFile FullDirectoryIndexSize=146
[2023.02.03-15.01.17:408][  0]LogShaderLibrary: Display: ShaderCodeLibraryPakFileMountedCallback: PakFile 'C:/Program Files/Epic Games/UE_4.27/FeaturePacks/TP_VehicleAdv.upack' (chunk index -1, root 'root:/') mounted
[2023.02.03-15.01.17:408][  0]LogShaderLibrary: Display: ShaderCodeLibraryPakFileMountedCallback: pending pak file info (ChunkID:-1 Root:root:/ File:C:/Program Files/Epic Games/UE_4.27/FeaturePacks/TP_VehicleAdv.upack)
[2023.02.03-15.01.17:408][  0]LogPakFile: OnPakFileMounted2Time == 0.000026
[2023.02.03-15.01.17:408][  0]LogPakFile: PakFile PrimaryIndexSize=188
[2023.02.03-15.01.17:408][  0]LogPakFile: PakFile PathHashIndexSize=101
[2023.02.03-15.01.17:408][  0]LogPakFile: PakFile FullDirectoryIndexSize=150
[2023.02.03-15.01.17:408][  0]LogShaderLibrary: Display: ShaderCodeLibraryPakFileMountedCallback: PakFile 'C:/Program Files/Epic Games/UE_4.27/FeaturePacks/TP_VehicleAdvBP.upack' (chunk index -1, root 'root:/') mounted
[2023.02.03-15.01.17:408][  0]LogShaderLibrary: Display: ShaderCodeLibraryPakFileMountedCallback: pending pak file info (ChunkID:-1 Root:root:/ File:C:/Program Files/Epic Games/UE_4.27/FeaturePacks/TP_VehicleAdvBP.upack)
[2023.02.03-15.01.17:408][  0]LogPakFile: OnPakFileMounted2Time == 0.000028
[2023.02.03-15.01.17:408][  0]LogPakFile: PakFile PrimaryIndexSize=185
[2023.02.03-15.01.17:409][  0]LogPakFile: PakFile PathHashIndexSize=101
[2023.02.03-15.01.17:409][  0]LogPakFile: PakFile FullDirectoryIndexSize=144
[2023.02.03-15.01.17:409][  0]LogShaderLibrary: Display: ShaderCodeLibraryPakFileMountedCallback: PakFile 'C:/Program Files/Epic Games/UE_4.27/FeaturePacks/TP_VehicleBP.upack' (chunk index -1, root 'root:/') mounted
[2023.02.03-15.01.17:409][  0]LogShaderLibrary: Display: ShaderCodeLibraryPakFileMountedCallback: pending pak file info (ChunkID:-1 Root:root:/ File:C:/Program Files/Epic Games/UE_4.27/FeaturePacks/TP_VehicleBP.upack)
[2023.02.03-15.01.17:409][  0]LogPakFile: OnPakFileMounted2Time == 0.000029
[2023.02.03-15.01.17:409][  0]LogPakFile: PakFile PrimaryIndexSize=192
[2023.02.03-15.01.17:409][  0]LogPakFile: PakFile PathHashIndexSize=101
[2023.02.03-15.01.17:409][  0]LogPakFile: PakFile FullDirectoryIndexSize=158
[2023.02.03-15.01.17:409][  0]LogShaderLibrary: Display: ShaderCodeLibraryPakFileMountedCallback: PakFile 'C:/Program Files/Epic Games/UE_4.27/FeaturePacks/TP_VirtualRealityBP.upack' (chunk index -1, root 'root:/') mounted
[2023.02.03-15.01.17:409][  0]LogShaderLibrary: Display: ShaderCodeLibraryPakFileMountedCallback: pending pak file info (ChunkID:-1 Root:root:/ File:C:/Program Files/Epic Games/UE_4.27/FeaturePacks/TP_VirtualRealityBP.upack)
[2023.02.03-15.01.17:409][  0]LogPakFile: OnPakFileMounted2Time == 0.000026
[2023.02.03-15.01.17:448][  0]LogNativeClassHierarchy: Verbose: Native class hierarchy updated for 'AddContentDialog' in 0.0003 seconds. Added 0 classes and 0 folders.
[2023.02.03-15.01.17:449][  0]LogNativeClassHierarchy: Verbose: Native class hierarchy updated for 'SceneOutliner' in 0.0002 seconds. Added 2 classes and 0 folders.
[2023.02.03-15.01.17:481][  0]LogSlate: Took 0.000205 seconds to synchronously load lazily loaded font '../../../Engine/Content/Slate/Fonts/Roboto-Regular.ttf' (155K)
[2023.02.03-15.01.17:482][  0]LogSlate: Took 0.000187 seconds to synchronously load lazily loaded font '../../../Engine/Content/Editor/Slate/Fonts/FontAwesome.ttf' (139K)
[2023.02.03-15.01.17:483][  0]LogSlate: Took 0.000215 seconds to synchronously load lazily loaded font '../../../Engine/Content/Slate/Fonts/Roboto-Bold.ttf' (160K)
[2023.02.03-15.01.17:556][  0]LogRenderer: Reallocating scene render targets to support 964x428 Format 10 NumSamples 1 (Frame:1).
[2023.02.03-15.01.17:668][  0]LogNativeClassHierarchy: Verbose: Native class hierarchy updated for 'HierarchicalLODOutliner' in 0.0003 seconds. Added 0 classes and 0 folders.
[2023.02.03-15.01.17:668][  0]LogInput: Warning: Action Jump uses invalid key OculusGo_Left_Trigger_Click.
[2023.02.03-15.01.17:668][  0]LogInput: Warning: Action ResetVR uses invalid key OculusGo_Left_Trackpad_Click.
[2023.02.03-15.01.17:668][  0]LogInput: Warning: Use -RemoveInvalidKeys to remove instances of these keys from the action mapping.
[2023.02.03-15.01.17:668][  0]LogLoad: (Engine Initialization) Total time: 6.35 seconds
[2023.02.03-15.01.17:668][  0]LogLoad: (Engine Initialization) Total Blueprint compile time: 0.00 seconds
[2023.02.03-15.01.17:717][  0]LogAssetRegistry: Asset discovery search completed in 3.7125 seconds
[2023.02.03-15.01.17:721][  0]LogCollectionManager: Fixed up redirectors for 0 collections in 0.000005 seconds (updated 0 objects)
[2023.02.03-15.01.17:723][  0]LogContentStreaming: Texture pool size now 1000 MB
[2023.02.03-15.01.17:835][  2]LogSlate: Took 0.000263 seconds to synchronously load lazily loaded font '../../../Engine/Content/Slate/Fonts/Roboto-Light.ttf' (167K)
